2020-07-15 03:09:53,653 INFO org.springframework.boot.StartupInfoLogger [restartedMain] Starting CodingChallengeApplication on A05041382 with PID 63132 (/Users/a144483/Documents/workspace-spring-tool-suite-4-4.7.0.RELEASE/CodingChallenge/target/classes started by a144483 in /Users/a144483/Documents/workspace-spring-tool-suite-4-4.7.0.RELEASE/CodingChallenge)
2020-07-15 03:09:53,653 DEBUG org.springframework.boot.StartupInfoLogger [restartedMain] Running with Spring Boot v2.3.1.RELEASE, Spring v5.2.7.RELEASE
2020-07-15 03:09:53,653 INFO org.springframework.boot.SpringApplication [restartedMain] No active profile set, falling back to default profiles: default
2020-07-15 03:09:53,855 INFO org.springframework.boot.web.embedded.tomcat.TomcatWebServer [restartedMain] Tomcat initialized with port(s): 8080 (http)
2020-07-15 03:09:53,856 INFO org.apache.juli.logging.DirectJDKLog [restartedMain] Initializing ProtocolHandler ["http-nio-8080"]
2020-07-15 03:09:53,856 INFO org.apache.juli.logging.DirectJDKLog [restartedMain] Starting service [Tomcat]
2020-07-15 03:09:53,856 INFO org.apache.juli.logging.DirectJDKLog [restartedMain] Starting Servlet engine: [Apache Tomcat/9.0.36]
2020-07-15 03:09:53,864 INFO org.apache.juli.logging.DirectJDKLog [restartedMain] Initializing Spring embedded WebApplicationContext
2020-07-15 03:09:53,864 INFO org.springframework.boot.web.servlet.context.ServletWebServerApplicationContext [restartedMain] Root WebApplicationContext: initialization completed in 210 ms
2020-07-15 03:09:53,901 INFO org.springframework.scheduling.concurrent.ExecutorConfigurationSupport [restartedMain] Initializing ExecutorService 'applicationTaskExecutor'
2020-07-15 03:09:53,962 INFO org.springframework.boot.devtools.autoconfigure.OptionalLiveReloadServer [restartedMain] LiveReload server is running on port 35729
2020-07-15 03:09:53,965 INFO org.springframework.boot.actuate.endpoint.web.EndpointLinksResolver [restartedMain] Exposing 2 endpoint(s) beneath base path '/actuator'
2020-07-15 03:09:53,975 INFO org.apache.juli.logging.DirectJDKLog [restartedMain] Starting ProtocolHandler ["http-nio-8080"]
2020-07-15 03:09:53,976 INFO org.springframework.boot.web.embedded.tomcat.TomcatWebServer [restartedMain] Tomcat started on port(s): 8080 (http) with context path ''
2020-07-15 03:09:53,983 INFO org.springframework.boot.StartupInfoLogger [restartedMain] Started CodingChallengeApplication in 0.366 seconds (JVM running for 1127.603)
2020-07-15 03:09:53,984 INFO org.springframework.boot.devtools.autoconfigure.ConditionEvaluationDeltaLoggingListener [restartedMain] Condition evaluation unchanged
2020-07-15 03:10:09,513 INFO org.springframework.scheduling.concurrent.ExecutorConfigurationSupport [Thread-1255] Shutting down ExecutorService 'applicationTaskExecutor'
2020-07-15 03:10:09,618 INFO org.springframework.boot.StartupInfoLogger [restartedMain] Starting CodingChallengeApplication on A05041382 with PID 63132 (/Users/a144483/Documents/workspace-spring-tool-suite-4-4.7.0.RELEASE/CodingChallenge/target/classes started by a144483 in /Users/a144483/Documents/workspace-spring-tool-suite-4-4.7.0.RELEASE/CodingChallenge)
2020-07-15 03:10:09,618 DEBUG org.springframework.boot.StartupInfoLogger [restartedMain] Running with Spring Boot v2.3.1.RELEASE, Spring v5.2.7.RELEASE
2020-07-15 03:10:09,618 INFO org.springframework.boot.SpringApplication [restartedMain] No active profile set, falling back to default profiles: default
2020-07-15 03:10:09,799 INFO org.springframework.boot.web.embedded.tomcat.TomcatWebServer [restartedMain] Tomcat initialized with port(s): 8080 (http)
2020-07-15 03:10:09,799 INFO org.apache.juli.logging.DirectJDKLog [restartedMain] Initializing ProtocolHandler ["http-nio-8080"]
2020-07-15 03:10:09,800 INFO org.apache.juli.logging.DirectJDKLog [restartedMain] Starting service [Tomcat]
2020-07-15 03:10:09,800 INFO org.apache.juli.logging.DirectJDKLog [restartedMain] Starting Servlet engine: [Apache Tomcat/9.0.36]
2020-07-15 03:10:09,808 INFO org.apache.juli.logging.DirectJDKLog [restartedMain] Initializing Spring embedded WebApplicationContext
2020-07-15 03:10:09,808 INFO org.springframework.boot.web.servlet.context.ServletWebServerApplicationContext [restartedMain] Root WebApplicationContext: initialization completed in 189 ms
2020-07-15 03:10:09,856 INFO org.springframework.scheduling.concurrent.ExecutorConfigurationSupport [restartedMain] Initializing ExecutorService 'applicationTaskExecutor'
2020-07-15 03:10:09,926 INFO org.springframework.boot.devtools.autoconfigure.OptionalLiveReloadServer [restartedMain] LiveReload server is running on port 35729
2020-07-15 03:10:09,928 INFO org.springframework.boot.actuate.endpoint.web.EndpointLinksResolver [restartedMain] Exposing 2 endpoint(s) beneath base path '/actuator'
2020-07-15 03:10:09,935 INFO org.apache.juli.logging.DirectJDKLog [restartedMain] Starting ProtocolHandler ["http-nio-8080"]
2020-07-15 03:10:09,937 INFO org.springframework.boot.web.embedded.tomcat.TomcatWebServer [restartedMain] Tomcat started on port(s): 8080 (http) with context path ''
2020-07-15 03:10:09,942 INFO org.springframework.boot.StartupInfoLogger [restartedMain] Started CodingChallengeApplication in 0.349 seconds (JVM running for 1143.563)
2020-07-15 03:10:09,944 INFO org.springframework.boot.devtools.autoconfigure.ConditionEvaluationDeltaLoggingListener [restartedMain] Condition evaluation unchanged
2020-07-15 11:18:31,169 INFO org.springframework.boot.admin.SpringApplicationAdminMXBeanRegistrar$SpringApplicationAdmin [RMI TCP Connection(4)-127.0.0.1] Application shutdown requested.
2020-07-15 11:18:31,187 INFO org.springframework.scheduling.concurrent.ExecutorConfigurationSupport [RMI TCP Connection(4)-127.0.0.1] Shutting down ExecutorService 'applicationTaskExecutor'
2020-07-15 15:08:28,508 INFO org.springframework.boot.StartupInfoLogger [restartedMain] Starting CodingChallengeApplication on A05041382 with PID 24847 (/Users/a144483/Documents/workspace-spring-tool-suite-4-4.7.0.RELEASE/CodingChallenge/target/classes started by a144483 in /Users/a144483/Documents/workspace-spring-tool-suite-4-4.7.0.RELEASE/CodingChallenge)
2020-07-15 15:08:28,511 DEBUG org.springframework.boot.StartupInfoLogger [restartedMain] Running with Spring Boot v2.3.1.RELEASE, Spring v5.2.7.RELEASE
2020-07-15 15:08:28,511 INFO org.springframework.boot.SpringApplication [restartedMain] No active profile set, falling back to default profiles: default
2020-07-15 15:08:28,545 INFO org.springframework.boot.logging.DeferredLog [restartedMain] Devtools property defaults active! Set 'spring.devtools.add-properties' to 'false' to disable
2020-07-15 15:08:28,545 INFO org.springframework.boot.logging.DeferredLog [restartedMain] For additional web related logging consider setting the 'logging.level.web' property to 'DEBUG'
2020-07-15 15:08:29,521 INFO org.springframework.boot.web.embedded.tomcat.TomcatWebServer [restartedMain] Tomcat initialized with port(s): 8080 (http)
2020-07-15 15:08:29,527 INFO org.apache.juli.logging.DirectJDKLog [restartedMain] Initializing ProtocolHandler ["http-nio-8080"]
2020-07-15 15:08:29,528 INFO org.apache.juli.logging.DirectJDKLog [restartedMain] Starting service [Tomcat]
2020-07-15 15:08:29,528 INFO org.apache.juli.logging.DirectJDKLog [restartedMain] Starting Servlet engine: [Apache Tomcat/9.0.36]
2020-07-15 15:08:29,575 INFO org.apache.juli.logging.DirectJDKLog [restartedMain] Initializing Spring embedded WebApplicationContext
2020-07-15 15:08:29,576 INFO org.springframework.boot.web.servlet.context.ServletWebServerApplicationContext [restartedMain] Root WebApplicationContext: initialization completed in 1031 ms
2020-07-15 15:08:29,787 INFO org.springframework.scheduling.concurrent.ExecutorConfigurationSupport [restartedMain] Initializing ExecutorService 'applicationTaskExecutor'
2020-07-15 15:08:30,000 INFO org.springframework.boot.devtools.autoconfigure.OptionalLiveReloadServer [restartedMain] LiveReload server is running on port 35729
2020-07-15 15:08:30,003 INFO org.springframework.boot.actuate.endpoint.web.EndpointLinksResolver [restartedMain] Exposing 2 endpoint(s) beneath base path '/actuator'
2020-07-15 15:08:30,024 INFO org.apache.juli.logging.DirectJDKLog [restartedMain] Starting ProtocolHandler ["http-nio-8080"]
2020-07-15 15:08:30,068 INFO org.springframework.boot.web.embedded.tomcat.TomcatWebServer [restartedMain] Tomcat started on port(s): 8080 (http) with context path ''
2020-07-15 15:08:30,081 INFO org.springframework.boot.StartupInfoLogger [restartedMain] Started CodingChallengeApplication in 1.846 seconds (JVM running for 2.362)
2020-07-15 15:08:32,957 INFO org.apache.juli.logging.DirectJDKLog [RMI TCP Connection(1)-127.0.0.1] Initializing Spring DispatcherServlet 'dispatcherServlet'
2020-07-15 15:08:32,957 INFO org.springframework.web.servlet.FrameworkServlet [RMI TCP Connection(1)-127.0.0.1] Initializing Servlet 'dispatcherServlet'
2020-07-15 15:08:32,961 INFO org.springframework.web.servlet.FrameworkServlet [RMI TCP Connection(1)-127.0.0.1] Completed initialization in 3 ms
2020-07-15 15:08:37,768 DEBUG com.thinkhr.challenge.reader.impl.FileReader [http-nio-8080-exec-1] fileName = src/main/resources/words_alpha.txt
2020-07-15 15:08:37,837 DEBUG com.thinkhr.challenge.service.impl.RandomWordServiceImpl [http-nio-8080-exec-1] total number of lines in the files 370103
2020-07-15 15:08:37,837 DEBUG com.thinkhr.challenge.service.impl.RandomWordServiceImpl [http-nio-8080-exec-1] Random number selected  216223
2020-07-15 15:08:37,866 DEBUG com.thinkhr.challenge.service.impl.RandomWordServiceImpl [http-nio-8080-exec-1] random word from the file isoutbloomed
2020-07-15 15:09:00,757 INFO org.springframework.scheduling.concurrent.ExecutorConfigurationSupport [Thread-251] Shutting down ExecutorService 'applicationTaskExecutor'
2020-07-15 15:09:00,880 INFO org.springframework.boot.StartupInfoLogger [restartedMain] Starting CodingChallengeApplication on A05041382 with PID 24847 (/Users/a144483/Documents/workspace-spring-tool-suite-4-4.7.0.RELEASE/CodingChallenge/target/classes started by a144483 in /Users/a144483/Documents/workspace-spring-tool-suite-4-4.7.0.RELEASE/CodingChallenge)
2020-07-15 15:09:00,880 DEBUG org.springframework.boot.StartupInfoLogger [restartedMain] Running with Spring Boot v2.3.1.RELEASE, Spring v5.2.7.RELEASE
2020-07-15 15:09:00,880 INFO org.springframework.boot.SpringApplication [restartedMain] No active profile set, falling back to default profiles: default
2020-07-15 15:09:01,101 INFO org.springframework.boot.web.embedded.tomcat.TomcatWebServer [restartedMain] Tomcat initialized with port(s): 8080 (http)
2020-07-15 15:09:01,102 INFO org.apache.juli.logging.DirectJDKLog [restartedMain] Initializing ProtocolHandler ["http-nio-8080"]
2020-07-15 15:09:01,103 INFO org.apache.juli.logging.DirectJDKLog [restartedMain] Starting service [Tomcat]
2020-07-15 15:09:01,103 INFO org.apache.juli.logging.DirectJDKLog [restartedMain] Starting Servlet engine: [Apache Tomcat/9.0.36]
2020-07-15 15:09:01,111 INFO org.apache.juli.logging.DirectJDKLog [restartedMain] Initializing Spring embedded WebApplicationContext
2020-07-15 15:09:01,112 INFO org.springframework.boot.web.servlet.context.ServletWebServerApplicationContext [restartedMain] Root WebApplicationContext: initialization completed in 230 ms
2020-07-15 15:09:01,174 INFO org.springframework.scheduling.concurrent.ExecutorConfigurationSupport [restartedMain] Initializing ExecutorService 'applicationTaskExecutor'
2020-07-15 15:09:01,259 INFO org.springframework.boot.devtools.autoconfigure.OptionalLiveReloadServer [restartedMain] LiveReload server is running on port 35729
2020-07-15 15:09:01,262 INFO org.springframework.boot.actuate.endpoint.web.EndpointLinksResolver [restartedMain] Exposing 2 endpoint(s) beneath base path '/actuator'
2020-07-15 15:09:01,273 INFO org.apache.juli.logging.DirectJDKLog [restartedMain] Starting ProtocolHandler ["http-nio-8080"]
2020-07-15 15:09:01,276 INFO org.springframework.boot.web.embedded.tomcat.TomcatWebServer [restartedMain] Tomcat started on port(s): 8080 (http) with context path ''
2020-07-15 15:09:01,282 INFO org.springframework.boot.StartupInfoLogger [restartedMain] Started CodingChallengeApplication in 0.422 seconds (JVM running for 33.561)
2020-07-15 15:09:01,284 INFO org.springframework.boot.devtools.autoconfigure.ConditionEvaluationDeltaLoggingListener [restartedMain] Condition evaluation unchanged
2020-07-15 15:09:03,731 INFO org.apache.juli.logging.DirectJDKLog [http-nio-8080-exec-1] Initializing Spring DispatcherServlet 'dispatcherServlet'
2020-07-15 15:09:03,732 INFO org.springframework.web.servlet.FrameworkServlet [http-nio-8080-exec-1] Initializing Servlet 'dispatcherServlet'
2020-07-15 15:09:03,737 INFO org.springframework.web.servlet.FrameworkServlet [http-nio-8080-exec-1] Completed initialization in 5 ms
2020-07-15 15:09:12,818 INFO org.springframework.scheduling.concurrent.ExecutorConfigurationSupport [Thread-255] Shutting down ExecutorService 'applicationTaskExecutor'
2020-07-15 15:09:12,972 INFO org.springframework.boot.StartupInfoLogger [restartedMain] Starting CodingChallengeApplication on A05041382 with PID 24847 (/Users/a144483/Documents/workspace-spring-tool-suite-4-4.7.0.RELEASE/CodingChallenge/target/classes started by a144483 in /Users/a144483/Documents/workspace-spring-tool-suite-4-4.7.0.RELEASE/CodingChallenge)
2020-07-15 15:09:12,973 DEBUG org.springframework.boot.StartupInfoLogger [restartedMain] Running with Spring Boot v2.3.1.RELEASE, Spring v5.2.7.RELEASE
2020-07-15 15:09:12,973 INFO org.springframework.boot.SpringApplication [restartedMain] No active profile set, falling back to default profiles: default
2020-07-15 15:09:13,221 INFO org.springframework.boot.web.embedded.tomcat.TomcatWebServer [restartedMain] Tomcat initialized with port(s): 8080 (http)
2020-07-15 15:09:13,222 INFO org.apache.juli.logging.DirectJDKLog [restartedMain] Initializing ProtocolHandler ["http-nio-8080"]
2020-07-15 15:09:13,222 INFO org.apache.juli.logging.DirectJDKLog [restartedMain] Starting service [Tomcat]
2020-07-15 15:09:13,223 INFO org.apache.juli.logging.DirectJDKLog [restartedMain] Starting Servlet engine: [Apache Tomcat/9.0.36]
2020-07-15 15:09:13,232 INFO org.apache.juli.logging.DirectJDKLog [restartedMain] Initializing Spring embedded WebApplicationContext
2020-07-15 15:09:13,232 INFO org.springframework.boot.web.servlet.context.ServletWebServerApplicationContext [restartedMain] Root WebApplicationContext: initialization completed in 257 ms
2020-07-15 15:09:13,287 INFO org.springframework.scheduling.concurrent.ExecutorConfigurationSupport [restartedMain] Initializing ExecutorService 'applicationTaskExecutor'
2020-07-15 15:09:13,364 INFO org.springframework.boot.devtools.autoconfigure.OptionalLiveReloadServer [restartedMain] LiveReload server is running on port 35729
2020-07-15 15:09:13,367 INFO org.springframework.boot.actuate.endpoint.web.EndpointLinksResolver [restartedMain] Exposing 2 endpoint(s) beneath base path '/actuator'
2020-07-15 15:09:13,376 INFO org.apache.juli.logging.DirectJDKLog [restartedMain] Starting ProtocolHandler ["http-nio-8080"]
2020-07-15 15:09:13,378 INFO org.springframework.boot.web.embedded.tomcat.TomcatWebServer [restartedMain] Tomcat started on port(s): 8080 (http) with context path ''
2020-07-15 15:09:13,384 INFO org.springframework.boot.StartupInfoLogger [restartedMain] Started CodingChallengeApplication in 0.44 seconds (JVM running for 45.658)
2020-07-15 15:09:13,386 INFO org.springframework.boot.devtools.autoconfigure.ConditionEvaluationDeltaLoggingListener [restartedMain] Condition evaluation unchanged
2020-07-15 15:09:14,706 INFO org.apache.juli.logging.DirectJDKLog [http-nio-8080-exec-1] Initializing Spring DispatcherServlet 'dispatcherServlet'
2020-07-15 15:09:14,707 INFO org.springframework.web.servlet.FrameworkServlet [http-nio-8080-exec-1] Initializing Servlet 'dispatcherServlet'
2020-07-15 15:09:14,711 INFO org.springframework.web.servlet.FrameworkServlet [http-nio-8080-exec-1] Completed initialization in 3 ms
2020-07-15 15:10:17,481 INFO org.springframework.scheduling.concurrent.ExecutorConfigurationSupport [Thread-505] Shutting down ExecutorService 'applicationTaskExecutor'
2020-07-15 15:10:17,589 INFO org.springframework.boot.StartupInfoLogger [restartedMain] Starting CodingChallengeApplication on A05041382 with PID 24847 (/Users/a144483/Documents/workspace-spring-tool-suite-4-4.7.0.RELEASE/CodingChallenge/target/classes started by a144483 in /Users/a144483/Documents/workspace-spring-tool-suite-4-4.7.0.RELEASE/CodingChallenge)
2020-07-15 15:10:17,589 DEBUG org.springframework.boot.StartupInfoLogger [restartedMain] Running with Spring Boot v2.3.1.RELEASE, Spring v5.2.7.RELEASE
2020-07-15 15:10:17,590 INFO org.springframework.boot.SpringApplication [restartedMain] No active profile set, falling back to default profiles: default
2020-07-15 15:10:17,793 INFO org.springframework.boot.web.embedded.tomcat.TomcatWebServer [restartedMain] Tomcat initialized with port(s): 8080 (http)
2020-07-15 15:10:17,794 INFO org.apache.juli.logging.DirectJDKLog [restartedMain] Initializing ProtocolHandler ["http-nio-8080"]
2020-07-15 15:10:17,794 INFO org.apache.juli.logging.DirectJDKLog [restartedMain] Starting service [Tomcat]
2020-07-15 15:10:17,794 INFO org.apache.juli.logging.DirectJDKLog [restartedMain] Starting Servlet engine: [Apache Tomcat/9.0.36]
2020-07-15 15:10:17,801 INFO org.apache.juli.logging.DirectJDKLog [restartedMain] Initializing Spring embedded WebApplicationContext
2020-07-15 15:10:17,801 INFO org.springframework.boot.web.servlet.context.ServletWebServerApplicationContext [restartedMain] Root WebApplicationContext: initialization completed in 210 ms
2020-07-15 15:10:17,821 WARN org.springframework.context.support.AbstractApplicationContext [restartedMain] Exception encountered during context initialization - cancelling refresh attempt: org.springframework.beans.factory.BeanCreationException: Error creating bean with name 'randomGeneratorController': Lookup method resolution failed; nested exception is java.lang.IllegalStateException: Failed to introspect Class [com.thinkhr.challenge.controller.RandomGeneratorController] from ClassLoader [org.springframework.boot.devtools.restart.classloader.RestartClassLoader@66b693e8]
2020-07-15 15:10:17,822 INFO org.apache.juli.logging.DirectJDKLog [restartedMain] Stopping service [Tomcat]
2020-07-15 15:10:17,829 INFO org.springframework.boot.autoconfigure.logging.ConditionEvaluationReportLoggingListener [restartedMain] 

Error starting ApplicationContext. To display the conditions report re-run your application with 'debug' enabled.
2020-07-15 15:10:17,834 ERROR org.springframework.boot.SpringApplication [restartedMain] Application run failed
org.springframework.beans.factory.BeanCreationException: Error creating bean with name 'randomGeneratorController': Lookup method resolution failed; nested exception is java.lang.IllegalStateException: Failed to introspect Class [com.thinkhr.challenge.controller.RandomGeneratorController] from ClassLoader [org.springframework.boot.devtools.restart.classloader.RestartClassLoader@66b693e8]
	at org.springframework.beans.factory.annotation.AutowiredAnnotationBeanPostProcessor.determineCandidateConstructors(AutowiredAnnotationBeanPostProcessor.java:289)
	at org.springframework.beans.factory.support.AbstractAutowireCapableBeanFactory.determineConstructorsFromBeanPostProcessors(AbstractAutowireCapableBeanFactory.java:1286)
	at org.springframework.beans.factory.support.AbstractAutowireCapableBeanFactory.createBeanInstance(AbstractAutowireCapableBeanFactory.java:1201)
	at org.springframework.beans.factory.support.AbstractAutowireCapableBeanFactory.doCreateBean(AbstractAutowireCapableBeanFactory.java:557)
	at org.springframework.beans.factory.support.AbstractAutowireCapableBeanFactory.createBean(AbstractAutowireCapableBeanFactory.java:517)
	at org.springframework.beans.factory.support.AbstractBeanFactory.lambda$doGetBean$0(AbstractBeanFactory.java:323)
	at org.springframework.beans.factory.support.DefaultSingletonBeanRegistry.getSingleton(DefaultSingletonBeanRegistry.java:226)
	at org.springframework.beans.factory.support.AbstractBeanFactory.doGetBean(AbstractBeanFactory.java:321)
	at org.springframework.beans.factory.support.AbstractBeanFactory.getBean(AbstractBeanFactory.java:202)
	at org.springframework.beans.factory.support.DefaultListableBeanFactory.preInstantiateSingletons(DefaultListableBeanFactory.java:893)
	at org.springframework.context.support.AbstractApplicationContext.finishBeanFactoryInitialization(AbstractApplicationContext.java:879)
	at org.springframework.context.support.AbstractApplicationContext.refresh(AbstractApplicationContext.java:551)
	at org.springframework.boot.web.servlet.context.ServletWebServerApplicationContext.refresh(ServletWebServerApplicationContext.java:143)
	at org.springframework.boot.SpringApplication.refresh(SpringApplication.java:758)
	at org.springframework.boot.SpringApplication.refresh(SpringApplication.java:750)
	at org.springframework.boot.SpringApplication.refreshContext(SpringApplication.java:397)
	at org.springframework.boot.SpringApplication.run(SpringApplication.java:315)
	at org.springframework.boot.SpringApplication.run(SpringApplication.java:1237)
	at org.springframework.boot.SpringApplication.run(SpringApplication.java:1226)
	at com.thinkhr.challenge.CodingChallengeApplication.main(CodingChallengeApplication.java:14)
	at sun.reflect.NativeMethodAccessorImpl.invoke0(Native Method)
	at sun.reflect.NativeMethodAccessorImpl.invoke(NativeMethodAccessorImpl.java:62)
	at sun.reflect.DelegatingMethodAccessorImpl.invoke(DelegatingMethodAccessorImpl.java:43)
	at java.lang.reflect.Method.invoke(Method.java:498)
	at org.springframework.boot.devtools.restart.RestartLauncher.run(RestartLauncher.java:49)
Caused by: java.lang.IllegalStateException: Failed to introspect Class [com.thinkhr.challenge.controller.RandomGeneratorController] from ClassLoader [org.springframework.boot.devtools.restart.classloader.RestartClassLoader@66b693e8]
	at org.springframework.util.ReflectionUtils.getDeclaredMethods(ReflectionUtils.java:481)
	at org.springframework.util.ReflectionUtils.doWithLocalMethods(ReflectionUtils.java:321)
	at org.springframework.beans.factory.annotation.AutowiredAnnotationBeanPostProcessor.determineCandidateConstructors(AutowiredAnnotationBeanPostProcessor.java:267)
	... 24 common frames omitted
Caused by: java.lang.NoClassDefFoundError: HttpServletResponse
	at java.lang.Class.getDeclaredMethods0(Native Method)
	at java.lang.Class.privateGetDeclaredMethods(Class.java:2701)
	at java.lang.Class.getDeclaredMethods(Class.java:1975)
	at org.springframework.util.ReflectionUtils.getDeclaredMethods(ReflectionUtils.java:463)
	... 26 common frames omitted
Caused by: java.lang.ClassNotFoundException: HttpServletResponse
	at java.net.URLClassLoader.findClass(URLClassLoader.java:382)
	at java.lang.ClassLoader.loadClass(ClassLoader.java:424)
	at sun.misc.Launcher$AppClassLoader.loadClass(Launcher.java:349)
	at java.lang.ClassLoader.loadClass(ClassLoader.java:357)
	at java.lang.Class.forName0(Native Method)
	at java.lang.Class.forName(Class.java:348)
	at org.springframework.boot.devtools.restart.classloader.RestartClassLoader.loadClass(RestartClassLoader.java:144)
	at java.lang.ClassLoader.loadClass(ClassLoader.java:357)
	... 30 common frames omitted
2020-07-15 15:10:45,558 INFO org.springframework.boot.StartupInfoLogger [restartedMain] Starting CodingChallengeApplication on A05041382 with PID 24847 (/Users/a144483/Documents/workspace-spring-tool-suite-4-4.7.0.RELEASE/CodingChallenge/target/classes started by a144483 in /Users/a144483/Documents/workspace-spring-tool-suite-4-4.7.0.RELEASE/CodingChallenge)
2020-07-15 15:10:45,558 DEBUG org.springframework.boot.StartupInfoLogger [restartedMain] Running with Spring Boot v2.3.1.RELEASE, Spring v5.2.7.RELEASE
2020-07-15 15:10:45,558 INFO org.springframework.boot.SpringApplication [restartedMain] No active profile set, falling back to default profiles: default
2020-07-15 15:10:45,770 INFO org.springframework.boot.web.embedded.tomcat.TomcatWebServer [restartedMain] Tomcat initialized with port(s): 8080 (http)
2020-07-15 15:10:45,770 INFO org.apache.juli.logging.DirectJDKLog [restartedMain] Initializing ProtocolHandler ["http-nio-8080"]
2020-07-15 15:10:45,771 INFO org.apache.juli.logging.DirectJDKLog [restartedMain] Starting service [Tomcat]
2020-07-15 15:10:45,771 INFO org.apache.juli.logging.DirectJDKLog [restartedMain] Starting Servlet engine: [Apache Tomcat/9.0.36]
2020-07-15 15:10:45,779 INFO org.apache.juli.logging.DirectJDKLog [restartedMain] Initializing Spring embedded WebApplicationContext
2020-07-15 15:10:45,779 INFO org.springframework.boot.web.servlet.context.ServletWebServerApplicationContext [restartedMain] Root WebApplicationContext: initialization completed in 219 ms
2020-07-15 15:10:45,816 INFO org.springframework.scheduling.concurrent.ExecutorConfigurationSupport [restartedMain] Initializing ExecutorService 'applicationTaskExecutor'
2020-07-15 15:10:45,889 INFO org.springframework.boot.devtools.autoconfigure.OptionalLiveReloadServer [restartedMain] LiveReload server is running on port 35729
2020-07-15 15:10:45,892 INFO org.springframework.boot.actuate.endpoint.web.EndpointLinksResolver [restartedMain] Exposing 2 endpoint(s) beneath base path '/actuator'
2020-07-15 15:10:45,902 INFO org.apache.juli.logging.DirectJDKLog [restartedMain] Starting ProtocolHandler ["http-nio-8080"]
2020-07-15 15:10:45,904 INFO org.springframework.boot.web.embedded.tomcat.TomcatWebServer [restartedMain] Tomcat started on port(s): 8080 (http) with context path ''
2020-07-15 15:10:45,910 INFO org.springframework.boot.StartupInfoLogger [restartedMain] Started CodingChallengeApplication in 0.372 seconds (JVM running for 138.18)
2020-07-15 15:10:45,912 INFO org.springframework.boot.devtools.autoconfigure.ConditionEvaluationDeltaLoggingListener [restartedMain] Condition evaluation unchanged
2020-07-15 15:10:54,395 INFO org.springframework.scheduling.concurrent.ExecutorConfigurationSupport [Thread-755] Shutting down ExecutorService 'applicationTaskExecutor'
2020-07-15 15:10:54,519 INFO org.springframework.boot.StartupInfoLogger [restartedMain] Starting CodingChallengeApplication on A05041382 with PID 24847 (/Users/a144483/Documents/workspace-spring-tool-suite-4-4.7.0.RELEASE/CodingChallenge/target/classes started by a144483 in /Users/a144483/Documents/workspace-spring-tool-suite-4-4.7.0.RELEASE/CodingChallenge)
2020-07-15 15:10:54,519 DEBUG org.springframework.boot.StartupInfoLogger [restartedMain] Running with Spring Boot v2.3.1.RELEASE, Spring v5.2.7.RELEASE
2020-07-15 15:10:54,520 INFO org.springframework.boot.SpringApplication [restartedMain] No active profile set, falling back to default profiles: default
2020-07-15 15:10:54,731 INFO org.springframework.boot.web.embedded.tomcat.TomcatWebServer [restartedMain] Tomcat initialized with port(s): 8080 (http)
2020-07-15 15:10:54,732 INFO org.apache.juli.logging.DirectJDKLog [restartedMain] Initializing ProtocolHandler ["http-nio-8080"]
2020-07-15 15:10:54,732 INFO org.apache.juli.logging.DirectJDKLog [restartedMain] Starting service [Tomcat]
2020-07-15 15:10:54,732 INFO org.apache.juli.logging.DirectJDKLog [restartedMain] Starting Servlet engine: [Apache Tomcat/9.0.36]
2020-07-15 15:10:54,742 INFO org.apache.juli.logging.DirectJDKLog [restartedMain] Initializing Spring embedded WebApplicationContext
2020-07-15 15:10:54,743 INFO org.springframework.boot.web.servlet.context.ServletWebServerApplicationContext [restartedMain] Root WebApplicationContext: initialization completed in 221 ms
2020-07-15 15:10:54,788 INFO org.springframework.scheduling.concurrent.ExecutorConfigurationSupport [restartedMain] Initializing ExecutorService 'applicationTaskExecutor'
2020-07-15 15:10:54,856 INFO org.springframework.boot.devtools.autoconfigure.OptionalLiveReloadServer [restartedMain] LiveReload server is running on port 35729
2020-07-15 15:10:54,860 INFO org.springframework.boot.actuate.endpoint.web.EndpointLinksResolver [restartedMain] Exposing 2 endpoint(s) beneath base path '/actuator'
2020-07-15 15:10:54,869 INFO org.apache.juli.logging.DirectJDKLog [restartedMain] Starting ProtocolHandler ["http-nio-8080"]
2020-07-15 15:10:54,871 INFO org.springframework.boot.web.embedded.tomcat.TomcatWebServer [restartedMain] Tomcat started on port(s): 8080 (http) with context path ''
2020-07-15 15:10:54,877 INFO org.springframework.boot.StartupInfoLogger [restartedMain] Started CodingChallengeApplication in 0.373 seconds (JVM running for 147.147)
2020-07-15 15:10:54,879 INFO org.springframework.boot.devtools.autoconfigure.ConditionEvaluationDeltaLoggingListener [restartedMain] Condition evaluation unchanged
2020-07-15 15:11:06,393 INFO org.springframework.scheduling.concurrent.ExecutorConfigurationSupport [Thread-1253] Shutting down ExecutorService 'applicationTaskExecutor'
2020-07-15 15:11:06,515 INFO org.springframework.boot.StartupInfoLogger [restartedMain] Starting CodingChallengeApplication on A05041382 with PID 24847 (/Users/a144483/Documents/workspace-spring-tool-suite-4-4.7.0.RELEASE/CodingChallenge/target/classes started by a144483 in /Users/a144483/Documents/workspace-spring-tool-suite-4-4.7.0.RELEASE/CodingChallenge)
2020-07-15 15:11:06,515 DEBUG org.springframework.boot.StartupInfoLogger [restartedMain] Running with Spring Boot v2.3.1.RELEASE, Spring v5.2.7.RELEASE
2020-07-15 15:11:06,515 INFO org.springframework.boot.SpringApplication [restartedMain] No active profile set, falling back to default profiles: default
2020-07-15 15:11:06,740 INFO org.springframework.boot.web.embedded.tomcat.TomcatWebServer [restartedMain] Tomcat initialized with port(s): 8080 (http)
2020-07-15 15:11:06,741 INFO org.apache.juli.logging.DirectJDKLog [restartedMain] Initializing ProtocolHandler ["http-nio-8080"]
2020-07-15 15:11:06,741 INFO org.apache.juli.logging.DirectJDKLog [restartedMain] Starting service [Tomcat]
2020-07-15 15:11:06,741 INFO org.apache.juli.logging.DirectJDKLog [restartedMain] Starting Servlet engine: [Apache Tomcat/9.0.36]
2020-07-15 15:11:06,749 INFO org.apache.juli.logging.DirectJDKLog [restartedMain] Initializing Spring embedded WebApplicationContext
2020-07-15 15:11:06,749 INFO org.springframework.boot.web.servlet.context.ServletWebServerApplicationContext [restartedMain] Root WebApplicationContext: initialization completed in 233 ms
2020-07-15 15:11:06,800 INFO org.springframework.scheduling.concurrent.ExecutorConfigurationSupport [restartedMain] Initializing ExecutorService 'applicationTaskExecutor'
2020-07-15 15:11:06,868 INFO org.springframework.boot.devtools.autoconfigure.OptionalLiveReloadServer [restartedMain] LiveReload server is running on port 35729
2020-07-15 15:11:06,871 INFO org.springframework.boot.actuate.endpoint.web.EndpointLinksResolver [restartedMain] Exposing 2 endpoint(s) beneath base path '/actuator'
2020-07-15 15:11:06,880 INFO org.apache.juli.logging.DirectJDKLog [restartedMain] Starting ProtocolHandler ["http-nio-8080"]
2020-07-15 15:11:06,882 INFO org.springframework.boot.web.embedded.tomcat.TomcatWebServer [restartedMain] Tomcat started on port(s): 8080 (http) with context path ''
2020-07-15 15:11:06,889 INFO org.springframework.boot.StartupInfoLogger [restartedMain] Started CodingChallengeApplication in 0.39 seconds (JVM running for 159.158)
2020-07-15 15:11:06,890 INFO org.springframework.boot.devtools.autoconfigure.ConditionEvaluationDeltaLoggingListener [restartedMain] Condition evaluation unchanged
2020-07-15 15:11:14,369 INFO org.springframework.scheduling.concurrent.ExecutorConfigurationSupport [Thread-1503] Shutting down ExecutorService 'applicationTaskExecutor'
2020-07-15 15:11:14,471 INFO org.springframework.boot.StartupInfoLogger [restartedMain] Starting CodingChallengeApplication on A05041382 with PID 24847 (/Users/a144483/Documents/workspace-spring-tool-suite-4-4.7.0.RELEASE/CodingChallenge/target/classes started by a144483 in /Users/a144483/Documents/workspace-spring-tool-suite-4-4.7.0.RELEASE/CodingChallenge)
2020-07-15 15:11:14,471 DEBUG org.springframework.boot.StartupInfoLogger [restartedMain] Running with Spring Boot v2.3.1.RELEASE, Spring v5.2.7.RELEASE
2020-07-15 15:11:14,471 INFO org.springframework.boot.SpringApplication [restartedMain] No active profile set, falling back to default profiles: default
2020-07-15 15:11:14,698 INFO org.springframework.boot.web.embedded.tomcat.TomcatWebServer [restartedMain] Tomcat initialized with port(s): 8080 (http)
2020-07-15 15:11:14,699 INFO org.apache.juli.logging.DirectJDKLog [restartedMain] Initializing ProtocolHandler ["http-nio-8080"]
2020-07-15 15:11:14,699 INFO org.apache.juli.logging.DirectJDKLog [restartedMain] Starting service [Tomcat]
2020-07-15 15:11:14,699 INFO org.apache.juli.logging.DirectJDKLog [restartedMain] Starting Servlet engine: [Apache Tomcat/9.0.36]
2020-07-15 15:11:14,706 INFO org.apache.juli.logging.DirectJDKLog [restartedMain] Initializing Spring embedded WebApplicationContext
2020-07-15 15:11:14,707 INFO org.springframework.boot.web.servlet.context.ServletWebServerApplicationContext [restartedMain] Root WebApplicationContext: initialization completed in 234 ms
2020-07-15 15:11:14,755 INFO org.springframework.scheduling.concurrent.ExecutorConfigurationSupport [restartedMain] Initializing ExecutorService 'applicationTaskExecutor'
2020-07-15 15:11:14,818 INFO org.springframework.boot.devtools.autoconfigure.OptionalLiveReloadServer [restartedMain] LiveReload server is running on port 35729
2020-07-15 15:11:14,820 INFO org.springframework.boot.actuate.endpoint.web.EndpointLinksResolver [restartedMain] Exposing 2 endpoint(s) beneath base path '/actuator'
2020-07-15 15:11:14,828 INFO org.apache.juli.logging.DirectJDKLog [restartedMain] Starting ProtocolHandler ["http-nio-8080"]
2020-07-15 15:11:14,829 INFO org.springframework.boot.web.embedded.tomcat.TomcatWebServer [restartedMain] Tomcat started on port(s): 8080 (http) with context path ''
2020-07-15 15:11:14,836 INFO org.springframework.boot.StartupInfoLogger [restartedMain] Started CodingChallengeApplication in 0.383 seconds (JVM running for 167.105)
2020-07-15 15:11:14,837 INFO org.springframework.boot.devtools.autoconfigure.ConditionEvaluationDeltaLoggingListener [restartedMain] Condition evaluation unchanged
2020-07-15 15:11:25,344 INFO org.springframework.scheduling.concurrent.ExecutorConfigurationSupport [Thread-1753] Shutting down ExecutorService 'applicationTaskExecutor'
2020-07-15 15:11:25,481 INFO org.springframework.boot.StartupInfoLogger [restartedMain] Starting CodingChallengeApplication on A05041382 with PID 24847 (/Users/a144483/Documents/workspace-spring-tool-suite-4-4.7.0.RELEASE/CodingChallenge/target/classes started by a144483 in /Users/a144483/Documents/workspace-spring-tool-suite-4-4.7.0.RELEASE/CodingChallenge)
2020-07-15 15:11:25,481 DEBUG org.springframework.boot.StartupInfoLogger [restartedMain] Running with Spring Boot v2.3.1.RELEASE, Spring v5.2.7.RELEASE
2020-07-15 15:11:25,481 INFO org.springframework.boot.SpringApplication [restartedMain] No active profile set, falling back to default profiles: default
2020-07-15 15:11:25,688 INFO org.springframework.boot.web.embedded.tomcat.TomcatWebServer [restartedMain] Tomcat initialized with port(s): 8080 (http)
2020-07-15 15:11:25,688 INFO org.apache.juli.logging.DirectJDKLog [restartedMain] Initializing ProtocolHandler ["http-nio-8080"]
2020-07-15 15:11:25,688 INFO org.apache.juli.logging.DirectJDKLog [restartedMain] Starting service [Tomcat]
2020-07-15 15:11:25,689 INFO org.apache.juli.logging.DirectJDKLog [restartedMain] Starting Servlet engine: [Apache Tomcat/9.0.36]
2020-07-15 15:11:25,696 INFO org.apache.juli.logging.DirectJDKLog [restartedMain] Initializing Spring embedded WebApplicationContext
2020-07-15 15:11:25,697 INFO org.springframework.boot.web.servlet.context.ServletWebServerApplicationContext [restartedMain] Root WebApplicationContext: initialization completed in 215 ms
2020-07-15 15:11:25,746 INFO org.springframework.scheduling.concurrent.ExecutorConfigurationSupport [restartedMain] Initializing ExecutorService 'applicationTaskExecutor'
2020-07-15 15:11:25,806 INFO org.springframework.boot.devtools.autoconfigure.OptionalLiveReloadServer [restartedMain] LiveReload server is running on port 35729
2020-07-15 15:11:25,808 INFO org.springframework.boot.actuate.endpoint.web.EndpointLinksResolver [restartedMain] Exposing 2 endpoint(s) beneath base path '/actuator'
2020-07-15 15:11:25,816 INFO org.apache.juli.logging.DirectJDKLog [restartedMain] Starting ProtocolHandler ["http-nio-8080"]
2020-07-15 15:11:25,818 INFO org.springframework.boot.web.embedded.tomcat.TomcatWebServer [restartedMain] Tomcat started on port(s): 8080 (http) with context path ''
2020-07-15 15:11:25,824 INFO org.springframework.boot.StartupInfoLogger [restartedMain] Started CodingChallengeApplication in 0.357 seconds (JVM running for 178.094)
2020-07-15 15:11:25,826 INFO org.springframework.boot.devtools.autoconfigure.ConditionEvaluationDeltaLoggingListener [restartedMain] Condition evaluation unchanged
2020-07-15 15:11:27,301 INFO org.apache.juli.logging.DirectJDKLog [http-nio-8080-exec-1] Initializing Spring DispatcherServlet 'dispatcherServlet'
2020-07-15 15:11:27,302 INFO org.springframework.web.servlet.FrameworkServlet [http-nio-8080-exec-1] Initializing Servlet 'dispatcherServlet'
2020-07-15 15:11:27,304 INFO org.springframework.web.servlet.FrameworkServlet [http-nio-8080-exec-1] Completed initialization in 2 ms
2020-07-15 15:11:27,313 DEBUG com.thinkhr.challenge.reader.impl.FileReader [http-nio-8080-exec-2] fileName = src/main/resources/words_alpha.txt
2020-07-15 15:11:27,343 DEBUG com.thinkhr.challenge.service.impl.RandomWordServiceImpl [http-nio-8080-exec-2] total number of lines in the files 370103
2020-07-15 15:11:27,343 DEBUG com.thinkhr.challenge.service.impl.RandomWordServiceImpl [http-nio-8080-exec-2] Random number selected  282885
2020-07-15 15:11:27,379 DEBUG com.thinkhr.challenge.service.impl.RandomWordServiceImpl [http-nio-8080-exec-2] random word from the file issectors
2020-07-15 15:11:32,790 DEBUG com.thinkhr.challenge.reader.impl.FileReader [http-nio-8080-exec-4] fileName = src/main/resources/words_alpha.txt
2020-07-15 15:11:32,813 DEBUG com.thinkhr.challenge.service.impl.RandomWordServiceImpl [http-nio-8080-exec-4] total number of lines in the files 370103
2020-07-15 15:11:32,813 DEBUG com.thinkhr.challenge.service.impl.RandomWordServiceImpl [http-nio-8080-exec-4] Random number selected  302785
2020-07-15 15:11:32,849 DEBUG com.thinkhr.challenge.service.impl.RandomWordServiceImpl [http-nio-8080-exec-4] random word from the file isstaph
2020-07-15 15:11:37,071 DEBUG com.thinkhr.challenge.reader.impl.FileReader [http-nio-8080-exec-6] fileName = src/main/resources/words_alpha.txt
2020-07-15 15:11:37,095 DEBUG com.thinkhr.challenge.service.impl.RandomWordServiceImpl [http-nio-8080-exec-6] total number of lines in the files 370103
2020-07-15 15:11:37,095 DEBUG com.thinkhr.challenge.service.impl.RandomWordServiceImpl [http-nio-8080-exec-6] Random number selected  164295
2020-07-15 15:11:37,115 DEBUG com.thinkhr.challenge.service.impl.RandomWordServiceImpl [http-nio-8080-exec-6] random word from the file iskhediviate
2020-07-15 15:34:20,577 INFO org.springframework.scheduling.concurrent.ExecutorConfigurationSupport [Thread-2003] Shutting down ExecutorService 'applicationTaskExecutor'
