2020-07-15 00:24:51,988 INFO org.springframework.boot.StartupInfoLogger [main] Starting CodingChallengeApplicationTests on A05041382 with PID 42951 (started by a144483 in /Users/a144483/Documents/workspace-spring-tool-suite-4-4.7.0.RELEASE/CodingChallenge)
2020-07-15 00:24:52,004 DEBUG org.springframework.boot.StartupInfoLogger [main] Running with Spring Boot v2.3.1.RELEASE, Spring v5.2.7.RELEASE
2020-07-15 00:24:52,004 INFO org.springframework.boot.SpringApplication [main] No active profile set, falling back to default profiles: default
2020-07-15 00:24:52,888 INFO org.springframework.scheduling.concurrent.ExecutorConfigurationSupport [main] Initializing ExecutorService 'applicationTaskExecutor'
2020-07-15 00:24:53,137 INFO org.springframework.boot.StartupInfoLogger [main] Started CodingChallengeApplicationTests in 1.442 seconds (JVM running for 2.453)
2020-07-15 00:24:53,315 INFO org.springframework.scheduling.concurrent.ExecutorConfigurationSupport [SpringContextShutdownHook] Shutting down ExecutorService 'applicationTaskExecutor'
2020-07-15 00:36:39,806 INFO org.springframework.boot.StartupInfoLogger [restartedMain] Starting CodingChallengeApplication on A05041382 with PID 45404 (/Users/a144483/Documents/workspace-spring-tool-suite-4-4.7.0.RELEASE/CodingChallenge/target/classes started by a144483 in /Users/a144483/Documents/workspace-spring-tool-suite-4-4.7.0.RELEASE/CodingChallenge)
2020-07-15 00:36:39,808 DEBUG org.springframework.boot.StartupInfoLogger [restartedMain] Running with Spring Boot v2.3.1.RELEASE, Spring v5.2.7.RELEASE
2020-07-15 00:36:39,809 INFO org.springframework.boot.SpringApplication [restartedMain] No active profile set, falling back to default profiles: default
2020-07-15 00:36:39,836 INFO org.springframework.boot.logging.DeferredLog [restartedMain] Devtools property defaults active! Set 'spring.devtools.add-properties' to 'false' to disable
2020-07-15 00:36:39,836 INFO org.springframework.boot.logging.DeferredLog [restartedMain] For additional web related logging consider setting the 'logging.level.web' property to 'DEBUG'
2020-07-15 00:36:40,493 INFO org.springframework.boot.web.embedded.tomcat.TomcatWebServer [restartedMain] Tomcat initialized with port(s): 8080 (http)
2020-07-15 00:36:40,497 INFO org.apache.juli.logging.DirectJDKLog [restartedMain] Initializing ProtocolHandler ["http-nio-8080"]
2020-07-15 00:36:40,498 INFO org.apache.juli.logging.DirectJDKLog [restartedMain] Starting service [Tomcat]
2020-07-15 00:36:40,498 INFO org.apache.juli.logging.DirectJDKLog [restartedMain] Starting Servlet engine: [Apache Tomcat/9.0.36]
2020-07-15 00:36:40,543 INFO org.apache.juli.logging.DirectJDKLog [restartedMain] Initializing Spring embedded WebApplicationContext
2020-07-15 00:36:40,543 INFO org.springframework.boot.web.servlet.context.ServletWebServerApplicationContext [restartedMain] Root WebApplicationContext: initialization completed in 707 ms
2020-07-15 00:36:40,671 INFO org.springframework.scheduling.concurrent.ExecutorConfigurationSupport [restartedMain] Initializing ExecutorService 'applicationTaskExecutor'
2020-07-15 00:36:40,778 INFO org.springframework.boot.devtools.autoconfigure.OptionalLiveReloadServer [restartedMain] LiveReload server is running on port 35729
2020-07-15 00:36:40,790 INFO org.apache.juli.logging.DirectJDKLog [restartedMain] Starting ProtocolHandler ["http-nio-8080"]
2020-07-15 00:36:40,817 INFO org.springframework.boot.web.embedded.tomcat.TomcatWebServer [restartedMain] Tomcat started on port(s): 8080 (http) with context path ''
2020-07-15 00:36:40,826 INFO org.springframework.boot.StartupInfoLogger [restartedMain] Started CodingChallengeApplication in 1.251 seconds (JVM running for 1.747)
2020-07-15 00:36:49,635 INFO org.apache.juli.logging.DirectJDKLog [http-nio-8080-exec-1] Initializing Spring DispatcherServlet 'dispatcherServlet'
2020-07-15 00:36:49,635 INFO org.springframework.web.servlet.FrameworkServlet [http-nio-8080-exec-1] Initializing Servlet 'dispatcherServlet'
2020-07-15 00:36:49,646 INFO org.springframework.web.servlet.FrameworkServlet [http-nio-8080-exec-1] Completed initialization in 10 ms
2020-07-15 00:36:49,667 DEBUG com.thinkhr.challenge.reader.impl.FileReader [http-nio-8080-exec-1] fileName = src/main/resources/words_alph.txt
2020-07-15 00:36:49,677 ERROR org.apache.juli.logging.DirectJDKLog [http-nio-8080-exec-1] Servlet.service() for servlet [dispatcherServlet] in context with path [] threw exception
java.io.FileNotFoundException: File does not exists
	at com.thinkhr.challenge.service.impl.RandomWordServiceImpl.getRandomWord(RandomWordServiceImpl.java:28)
	at com.thinkhr.challenge.controller.RandomGeneratorController.getRandomWord(RandomGeneratorController.java:21)
	at sun.reflect.NativeMethodAccessorImpl.invoke0(Native Method)
	at sun.reflect.NativeMethodAccessorImpl.invoke(NativeMethodAccessorImpl.java:62)
	at sun.reflect.DelegatingMethodAccessorImpl.invoke(DelegatingMethodAccessorImpl.java:43)
	at java.lang.reflect.Method.invoke(Method.java:498)
	at org.springframework.web.method.support.InvocableHandlerMethod.doInvoke(InvocableHandlerMethod.java:190)
	at org.springframework.web.method.support.InvocableHandlerMethod.invokeForRequest(InvocableHandlerMethod.java:138)
	at org.springframework.web.servlet.mvc.method.annotation.ServletInvocableHandlerMethod.invokeAndHandle(ServletInvocableHandlerMethod.java:105)
	at org.springframework.web.servlet.mvc.method.annotation.RequestMappingHandlerAdapter.invokeHandlerMethod(RequestMappingHandlerAdapter.java:879)
	at org.springframework.web.servlet.mvc.method.annotation.RequestMappingHandlerAdapter.handleInternal(RequestMappingHandlerAdapter.java:793)
	at org.springframework.web.servlet.mvc.method.AbstractHandlerMethodAdapter.handle(AbstractHandlerMethodAdapter.java:87)
	at org.springframework.web.servlet.DispatcherServlet.doDispatch(DispatcherServlet.java:1040)
	at org.springframework.web.servlet.DispatcherServlet.doService(DispatcherServlet.java:943)
	at org.springframework.web.servlet.FrameworkServlet.processRequest(FrameworkServlet.java:1006)
	at org.springframework.web.servlet.FrameworkServlet.doGet(FrameworkServlet.java:898)
	at javax.servlet.http.HttpServlet.service(HttpServlet.java:634)
	at org.springframework.web.servlet.FrameworkServlet.service(FrameworkServlet.java:883)
	at javax.servlet.http.HttpServlet.service(HttpServlet.java:741)
	at org.apache.catalina.core.ApplicationFilterChain.internalDoFilter(ApplicationFilterChain.java:231)
	at org.apache.catalina.core.ApplicationFilterChain.doFilter(ApplicationFilterChain.java:166)
	at org.apache.tomcat.websocket.server.WsFilter.doFilter(WsFilter.java:53)
	at org.apache.catalina.core.ApplicationFilterChain.internalDoFilter(ApplicationFilterChain.java:193)
	at org.apache.catalina.core.ApplicationFilterChain.doFilter(ApplicationFilterChain.java:166)
	at org.springframework.web.filter.RequestContextFilter.doFilterInternal(RequestContextFilter.java:100)
	at org.springframework.web.filter.OncePerRequestFilter.doFilter(OncePerRequestFilter.java:119)
	at org.apache.catalina.core.ApplicationFilterChain.internalDoFilter(ApplicationFilterChain.java:193)
	at org.apache.catalina.core.ApplicationFilterChain.doFilter(ApplicationFilterChain.java:166)
	at org.springframework.web.filter.FormContentFilter.doFilterInternal(FormContentFilter.java:93)
	at org.springframework.web.filter.OncePerRequestFilter.doFilter(OncePerRequestFilter.java:119)
	at org.apache.catalina.core.ApplicationFilterChain.internalDoFilter(ApplicationFilterChain.java:193)
	at org.apache.catalina.core.ApplicationFilterChain.doFilter(ApplicationFilterChain.java:166)
	at org.springframework.web.filter.CharacterEncodingFilter.doFilterInternal(CharacterEncodingFilter.java:201)
	at org.springframework.web.filter.OncePerRequestFilter.doFilter(OncePerRequestFilter.java:119)
	at org.apache.catalina.core.ApplicationFilterChain.internalDoFilter(ApplicationFilterChain.java:193)
	at org.apache.catalina.core.ApplicationFilterChain.doFilter(ApplicationFilterChain.java:166)
	at org.apache.catalina.core.StandardWrapperValve.invoke(StandardWrapperValve.java:202)
	at org.apache.catalina.core.StandardContextValve.invoke(StandardContextValve.java:96)
	at org.apache.catalina.authenticator.AuthenticatorBase.invoke(AuthenticatorBase.java:541)
	at org.apache.catalina.core.StandardHostValve.invoke(StandardHostValve.java:139)
	at org.apache.catalina.valves.ErrorReportValve.invoke(ErrorReportValve.java:92)
	at org.apache.catalina.core.StandardEngineValve.invoke(StandardEngineValve.java:74)
	at org.apache.catalina.connector.CoyoteAdapter.service(CoyoteAdapter.java:343)
	at org.apache.coyote.http11.Http11Processor.service(Http11Processor.java:373)
	at org.apache.coyote.AbstractProcessorLight.process(AbstractProcessorLight.java:65)
	at org.apache.coyote.AbstractProtocol$ConnectionHandler.process(AbstractProtocol.java:868)
	at org.apache.tomcat.util.net.NioEndpoint$SocketProcessor.doRun(NioEndpoint.java:1590)
	at org.apache.tomcat.util.net.SocketProcessorBase.run(SocketProcessorBase.java:49)
	at java.util.concurrent.ThreadPoolExecutor.runWorker(ThreadPoolExecutor.java:1149)
	at java.util.concurrent.ThreadPoolExecutor$Worker.run(ThreadPoolExecutor.java:624)
	at org.apache.tomcat.util.threads.TaskThread$WrappingRunnable.run(TaskThread.java:61)
	at java.lang.Thread.run(Thread.java:748)
2020-07-15 00:37:08,551 INFO org.springframework.scheduling.concurrent.ExecutorConfigurationSupport [Thread-119] Shutting down ExecutorService 'applicationTaskExecutor'
2020-07-15 00:37:08,648 INFO org.springframework.boot.StartupInfoLogger [restartedMain] Starting CodingChallengeApplication on A05041382 with PID 45404 (/Users/a144483/Documents/workspace-spring-tool-suite-4-4.7.0.RELEASE/CodingChallenge/target/classes started by a144483 in /Users/a144483/Documents/workspace-spring-tool-suite-4-4.7.0.RELEASE/CodingChallenge)
2020-07-15 00:37:08,648 DEBUG org.springframework.boot.StartupInfoLogger [restartedMain] Running with Spring Boot v2.3.1.RELEASE, Spring v5.2.7.RELEASE
2020-07-15 00:37:08,648 INFO org.springframework.boot.SpringApplication [restartedMain] No active profile set, falling back to default profiles: default
2020-07-15 00:37:08,804 INFO org.springframework.boot.web.embedded.tomcat.TomcatWebServer [restartedMain] Tomcat initialized with port(s): 8080 (http)
2020-07-15 00:37:08,805 INFO org.apache.juli.logging.DirectJDKLog [restartedMain] Initializing ProtocolHandler ["http-nio-8080"]
2020-07-15 00:37:08,805 INFO org.apache.juli.logging.DirectJDKLog [restartedMain] Starting service [Tomcat]
2020-07-15 00:37:08,805 INFO org.apache.juli.logging.DirectJDKLog [restartedMain] Starting Servlet engine: [Apache Tomcat/9.0.36]
2020-07-15 00:37:08,813 INFO org.apache.juli.logging.DirectJDKLog [restartedMain] Initializing Spring embedded WebApplicationContext
2020-07-15 00:37:08,813 INFO org.springframework.boot.web.servlet.context.ServletWebServerApplicationContext [restartedMain] Root WebApplicationContext: initialization completed in 163 ms
2020-07-15 00:37:08,844 INFO org.springframework.scheduling.concurrent.ExecutorConfigurationSupport [restartedMain] Initializing ExecutorService 'applicationTaskExecutor'
2020-07-15 00:37:08,873 INFO org.springframework.boot.devtools.autoconfigure.OptionalLiveReloadServer [restartedMain] LiveReload server is running on port 35729
2020-07-15 00:37:08,878 INFO org.apache.juli.logging.DirectJDKLog [restartedMain] Starting ProtocolHandler ["http-nio-8080"]
2020-07-15 00:37:08,880 INFO org.springframework.boot.web.embedded.tomcat.TomcatWebServer [restartedMain] Tomcat started on port(s): 8080 (http) with context path ''
2020-07-15 00:37:08,883 INFO org.springframework.boot.StartupInfoLogger [restartedMain] Started CodingChallengeApplication in 0.262 seconds (JVM running for 29.804)
2020-07-15 00:37:08,885 INFO org.springframework.boot.devtools.autoconfigure.ConditionEvaluationDeltaLoggingListener [restartedMain] Condition evaluation unchanged
2020-07-15 00:37:09,252 INFO org.apache.juli.logging.DirectJDKLog [http-nio-8080-exec-1] Initializing Spring DispatcherServlet 'dispatcherServlet'
2020-07-15 00:37:09,253 INFO org.springframework.web.servlet.FrameworkServlet [http-nio-8080-exec-1] Initializing Servlet 'dispatcherServlet'
2020-07-15 00:37:09,259 INFO org.springframework.web.servlet.FrameworkServlet [http-nio-8080-exec-1] Completed initialization in 6 ms
2020-07-15 00:37:09,261 DEBUG com.thinkhr.challenge.reader.impl.FileReader [http-nio-8080-exec-1] fileName = src/main/resources/words_alpha.txt
2020-07-15 00:37:09,307 DEBUG com.thinkhr.challenge.service.impl.RandomWordServiceImpl [http-nio-8080-exec-1] total number of lines in the files 370103
2020-07-15 00:37:09,308 DEBUG com.thinkhr.challenge.service.impl.RandomWordServiceImpl [http-nio-8080-exec-1] Random number selected  163688
2020-07-15 00:37:09,332 DEBUG com.thinkhr.challenge.service.impl.RandomWordServiceImpl [http-nio-8080-exec-1] random word from the file iskeister
2020-07-15 00:58:28,573 INFO org.springframework.boot.StartupInfoLogger [main] Starting CodingChallengeApplicationTests on A05041382 with PID 49912 (started by a144483 in /Users/a144483/Documents/workspace-spring-tool-suite-4-4.7.0.RELEASE/CodingChallenge)
2020-07-15 00:58:28,574 DEBUG org.springframework.boot.StartupInfoLogger [main] Running with Spring Boot v2.3.1.RELEASE, Spring v5.2.7.RELEASE
2020-07-15 00:58:28,574 INFO org.springframework.boot.SpringApplication [main] No active profile set, falling back to default profiles: default
2020-07-15 00:58:29,304 INFO org.springframework.scheduling.concurrent.ExecutorConfigurationSupport [main] Initializing ExecutorService 'applicationTaskExecutor'
2020-07-15 00:58:29,546 INFO org.springframework.boot.StartupInfoLogger [main] Started CodingChallengeApplicationTests in 1.258 seconds (JVM running for 2.141)
2020-07-15 00:58:29,738 INFO org.springframework.scheduling.concurrent.ExecutorConfigurationSupport [SpringContextShutdownHook] Shutting down ExecutorService 'applicationTaskExecutor'
2020-07-15 01:02:02,195 INFO org.springframework.boot.StartupInfoLogger [main] Starting CodingChallengeApplicationTests on A05041382 with PID 50623 (started by a144483 in /Users/a144483/Documents/workspace-spring-tool-suite-4-4.7.0.RELEASE/CodingChallenge)
2020-07-15 01:02:02,196 DEBUG org.springframework.boot.StartupInfoLogger [main] Running with Spring Boot v2.3.1.RELEASE, Spring v5.2.7.RELEASE
2020-07-15 01:02:02,197 INFO org.springframework.boot.SpringApplication [main] No active profile set, falling back to default profiles: default
2020-07-15 01:02:02,974 INFO org.springframework.scheduling.concurrent.ExecutorConfigurationSupport [main] Initializing ExecutorService 'applicationTaskExecutor'
2020-07-15 01:02:03,240 INFO org.springframework.boot.StartupInfoLogger [main] Started CodingChallengeApplicationTests in 1.323 seconds (JVM running for 2.193)
2020-07-15 01:02:03,549 INFO org.springframework.scheduling.concurrent.ExecutorConfigurationSupport [SpringContextShutdownHook] Shutting down ExecutorService 'applicationTaskExecutor'
2020-07-15 01:20:30,870 INFO org.springframework.scheduling.concurrent.ExecutorConfigurationSupport [Thread-126] Shutting down ExecutorService 'applicationTaskExecutor'
2020-07-15 01:20:30,979 INFO org.springframework.boot.StartupInfoLogger [restartedMain] Starting CodingChallengeApplication on A05041382 with PID 45404 (/Users/a144483/Documents/workspace-spring-tool-suite-4-4.7.0.RELEASE/CodingChallenge/target/classes started by a144483 in /Users/a144483/Documents/workspace-spring-tool-suite-4-4.7.0.RELEASE/CodingChallenge)
2020-07-15 01:20:30,980 DEBUG org.springframework.boot.StartupInfoLogger [restartedMain] Running with Spring Boot v2.3.1.RELEASE, Spring v5.2.7.RELEASE
2020-07-15 01:20:30,980 INFO org.springframework.boot.SpringApplication [restartedMain] No active profile set, falling back to default profiles: default
2020-07-15 01:20:31,108 INFO org.springframework.boot.web.embedded.tomcat.TomcatWebServer [restartedMain] Tomcat initialized with port(s): 8080 (http)
2020-07-15 01:20:31,109 INFO org.apache.juli.logging.DirectJDKLog [restartedMain] Initializing ProtocolHandler ["http-nio-8080"]
2020-07-15 01:20:31,109 INFO org.apache.juli.logging.DirectJDKLog [restartedMain] Starting service [Tomcat]
2020-07-15 01:20:31,109 INFO org.apache.juli.logging.DirectJDKLog [restartedMain] Starting Servlet engine: [Apache Tomcat/9.0.36]
2020-07-15 01:20:31,116 INFO org.apache.juli.logging.DirectJDKLog [restartedMain] Initializing Spring embedded WebApplicationContext
2020-07-15 01:20:31,116 INFO org.springframework.boot.web.servlet.context.ServletWebServerApplicationContext [restartedMain] Root WebApplicationContext: initialization completed in 134 ms
2020-07-15 01:20:31,143 INFO org.springframework.scheduling.concurrent.ExecutorConfigurationSupport [restartedMain] Initializing ExecutorService 'applicationTaskExecutor'
2020-07-15 01:20:31,170 INFO org.springframework.boot.devtools.autoconfigure.OptionalLiveReloadServer [restartedMain] LiveReload server is running on port 35729
2020-07-15 01:20:31,175 INFO org.apache.juli.logging.DirectJDKLog [restartedMain] Starting ProtocolHandler ["http-nio-8080"]
2020-07-15 01:20:31,177 INFO org.springframework.boot.web.embedded.tomcat.TomcatWebServer [restartedMain] Tomcat started on port(s): 8080 (http) with context path ''
2020-07-15 01:20:31,180 INFO org.springframework.boot.StartupInfoLogger [restartedMain] Started CodingChallengeApplication in 0.221 seconds (JVM running for 2632.115)
2020-07-15 01:20:31,181 INFO org.springframework.boot.devtools.autoconfigure.ConditionEvaluationDeltaLoggingListener [restartedMain] Condition evaluation unchanged
2020-07-15 01:26:11,857 INFO org.springframework.scheduling.concurrent.ExecutorConfigurationSupport [Thread-245] Shutting down ExecutorService 'applicationTaskExecutor'
2020-07-15 01:26:11,973 INFO org.springframework.boot.StartupInfoLogger [restartedMain] Starting CodingChallengeApplication on A05041382 with PID 45404 (/Users/a144483/Documents/workspace-spring-tool-suite-4-4.7.0.RELEASE/CodingChallenge/target/classes started by a144483 in /Users/a144483/Documents/workspace-spring-tool-suite-4-4.7.0.RELEASE/CodingChallenge)
2020-07-15 01:26:11,973 DEBUG org.springframework.boot.StartupInfoLogger [restartedMain] Running with Spring Boot v2.3.1.RELEASE, Spring v5.2.7.RELEASE
2020-07-15 01:26:11,973 INFO org.springframework.boot.SpringApplication [restartedMain] No active profile set, falling back to default profiles: default
2020-07-15 01:26:12,180 INFO org.springframework.boot.web.embedded.tomcat.TomcatWebServer [restartedMain] Tomcat initialized with port(s): 8080 (http)
2020-07-15 01:26:12,181 INFO org.apache.juli.logging.DirectJDKLog [restartedMain] Initializing ProtocolHandler ["http-nio-8080"]
2020-07-15 01:26:12,182 INFO org.apache.juli.logging.DirectJDKLog [restartedMain] Starting service [Tomcat]
2020-07-15 01:26:12,182 INFO org.apache.juli.logging.DirectJDKLog [restartedMain] Starting Servlet engine: [Apache Tomcat/9.0.36]
2020-07-15 01:26:12,196 INFO org.apache.juli.logging.DirectJDKLog [restartedMain] Initializing Spring embedded WebApplicationContext
2020-07-15 01:26:12,196 INFO org.springframework.boot.web.servlet.context.ServletWebServerApplicationContext [restartedMain] Root WebApplicationContext: initialization completed in 221 ms
2020-07-15 01:26:12,237 INFO org.springframework.scheduling.concurrent.ExecutorConfigurationSupport [restartedMain] Initializing ExecutorService 'applicationTaskExecutor'
2020-07-15 01:26:12,298 INFO org.springframework.boot.devtools.autoconfigure.OptionalLiveReloadServer [restartedMain] LiveReload server is running on port 35729
2020-07-15 01:26:12,309 INFO org.apache.juli.logging.DirectJDKLog [restartedMain] Starting ProtocolHandler ["http-nio-8080"]
2020-07-15 01:26:12,312 INFO org.springframework.boot.web.embedded.tomcat.TomcatWebServer [restartedMain] Tomcat started on port(s): 8080 (http) with context path ''
2020-07-15 01:26:12,318 INFO org.springframework.boot.StartupInfoLogger [restartedMain] Started CodingChallengeApplication in 0.37 seconds (JVM running for 2973.255)
2020-07-15 01:26:12,320 INFO org.springframework.boot.devtools.autoconfigure.ConditionEvaluationDeltaLoggingListener [restartedMain] Condition evaluation unchanged
2020-07-15 01:26:26,113 INFO org.springframework.boot.StartupInfoLogger [main] Starting RandomGeneratorControllerTest on A05041382 with PID 55599 (started by a144483 in /Users/a144483/Documents/workspace-spring-tool-suite-4-4.7.0.RELEASE/CodingChallenge)
2020-07-15 01:26:26,114 DEBUG org.springframework.boot.StartupInfoLogger [main] Running with Spring Boot v2.3.1.RELEASE, Spring v5.2.7.RELEASE
2020-07-15 01:26:26,116 INFO org.springframework.boot.SpringApplication [main] No active profile set, falling back to default profiles: default
2020-07-15 01:26:27,007 INFO org.springframework.scheduling.concurrent.ExecutorConfigurationSupport [main] Initializing ExecutorService 'applicationTaskExecutor'
2020-07-15 01:26:27,227 INFO org.springframework.mock.web.MockServletContext [main] Initializing Spring TestDispatcherServlet ''
2020-07-15 01:26:27,228 INFO org.springframework.web.servlet.FrameworkServlet [main] Initializing Servlet ''
2020-07-15 01:26:27,239 INFO org.springframework.web.servlet.FrameworkServlet [main] Completed initialization in 11 ms
2020-07-15 01:26:27,264 INFO org.springframework.boot.StartupInfoLogger [main] Started RandomGeneratorControllerTest in 1.542 seconds (JVM running for 2.354)
2020-07-15 01:26:27,376 INFO org.springframework.scheduling.concurrent.ExecutorConfigurationSupport [SpringContextShutdownHook] Shutting down ExecutorService 'applicationTaskExecutor'
2020-07-15 01:26:42,632 INFO org.springframework.boot.StartupInfoLogger [main] Starting RandomGeneratorControllerTest on A05041382 with PID 55661 (started by a144483 in /Users/a144483/Documents/workspace-spring-tool-suite-4-4.7.0.RELEASE/CodingChallenge)
2020-07-15 01:26:42,633 DEBUG org.springframework.boot.StartupInfoLogger [main] Running with Spring Boot v2.3.1.RELEASE, Spring v5.2.7.RELEASE
2020-07-15 01:26:42,635 INFO org.springframework.boot.SpringApplication [main] No active profile set, falling back to default profiles: default
2020-07-15 01:26:43,527 INFO org.springframework.scheduling.concurrent.ExecutorConfigurationSupport [main] Initializing ExecutorService 'applicationTaskExecutor'
2020-07-15 01:26:43,748 INFO org.springframework.mock.web.MockServletContext [main] Initializing Spring TestDispatcherServlet ''
2020-07-15 01:26:43,749 INFO org.springframework.web.servlet.FrameworkServlet [main] Initializing Servlet ''
2020-07-15 01:26:43,759 INFO org.springframework.web.servlet.FrameworkServlet [main] Completed initialization in 10 ms
2020-07-15 01:26:43,784 INFO org.springframework.boot.StartupInfoLogger [main] Started RandomGeneratorControllerTest in 1.543 seconds (JVM running for 2.287)
2020-07-15 01:26:43,899 INFO org.springframework.scheduling.concurrent.ExecutorConfigurationSupport [SpringContextShutdownHook] Shutting down ExecutorService 'applicationTaskExecutor'
2020-07-15 01:27:09,157 INFO org.springframework.boot.StartupInfoLogger [main] Starting RandomGeneratorControllerTest on A05041382 with PID 55771 (started by a144483 in /Users/a144483/Documents/workspace-spring-tool-suite-4-4.7.0.RELEASE/CodingChallenge)
2020-07-15 01:27:09,158 DEBUG org.springframework.boot.StartupInfoLogger [main] Running with Spring Boot v2.3.1.RELEASE, Spring v5.2.7.RELEASE
2020-07-15 01:27:09,160 INFO org.springframework.boot.SpringApplication [main] No active profile set, falling back to default profiles: default
2020-07-15 01:27:10,142 INFO org.springframework.scheduling.concurrent.ExecutorConfigurationSupport [main] Initializing ExecutorService 'applicationTaskExecutor'
2020-07-15 01:27:10,373 INFO org.springframework.mock.web.MockServletContext [main] Initializing Spring TestDispatcherServlet ''
2020-07-15 01:27:10,373 INFO org.springframework.web.servlet.FrameworkServlet [main] Initializing Servlet ''
2020-07-15 01:27:10,383 INFO org.springframework.web.servlet.FrameworkServlet [main] Completed initialization in 10 ms
2020-07-15 01:27:10,409 INFO org.springframework.boot.StartupInfoLogger [main] Started RandomGeneratorControllerTest in 1.657 seconds (JVM running for 2.439)
2020-07-15 01:27:10,534 INFO org.springframework.scheduling.concurrent.ExecutorConfigurationSupport [SpringContextShutdownHook] Shutting down ExecutorService 'applicationTaskExecutor'
2020-07-15 02:19:18,287 INFO org.springframework.scheduling.concurrent.ExecutorConfigurationSupport [Thread-364] Shutting down ExecutorService 'applicationTaskExecutor'
2020-07-15 02:19:18,401 INFO org.springframework.boot.StartupInfoLogger [restartedMain] Starting CodingChallengeApplication on A05041382 with PID 45404 (/Users/a144483/Documents/workspace-spring-tool-suite-4-4.7.0.RELEASE/CodingChallenge/target/classes started by a144483 in /Users/a144483/Documents/workspace-spring-tool-suite-4-4.7.0.RELEASE/CodingChallenge)
2020-07-15 02:19:18,401 DEBUG org.springframework.boot.StartupInfoLogger [restartedMain] Running with Spring Boot v2.3.1.RELEASE, Spring v5.2.7.RELEASE
2020-07-15 02:19:18,401 INFO org.springframework.boot.SpringApplication [restartedMain] No active profile set, falling back to default profiles: default
2020-07-15 02:19:18,526 INFO org.springframework.boot.web.embedded.tomcat.TomcatWebServer [restartedMain] Tomcat initialized with port(s): 8080 (http)
2020-07-15 02:19:18,527 INFO org.apache.juli.logging.DirectJDKLog [restartedMain] Initializing ProtocolHandler ["http-nio-8080"]
2020-07-15 02:19:18,527 INFO org.apache.juli.logging.DirectJDKLog [restartedMain] Starting service [Tomcat]
2020-07-15 02:19:18,527 INFO org.apache.juli.logging.DirectJDKLog [restartedMain] Starting Servlet engine: [Apache Tomcat/9.0.36]
2020-07-15 02:19:18,535 INFO org.apache.juli.logging.DirectJDKLog [restartedMain] Initializing Spring embedded WebApplicationContext
2020-07-15 02:19:18,536 INFO org.springframework.boot.web.servlet.context.ServletWebServerApplicationContext [restartedMain] Root WebApplicationContext: initialization completed in 133 ms
2020-07-15 02:19:18,560 INFO org.springframework.scheduling.concurrent.ExecutorConfigurationSupport [restartedMain] Initializing ExecutorService 'applicationTaskExecutor'
2020-07-15 02:19:18,585 INFO org.springframework.boot.devtools.autoconfigure.OptionalLiveReloadServer [restartedMain] LiveReload server is running on port 35729
2020-07-15 02:19:18,589 INFO org.apache.juli.logging.DirectJDKLog [restartedMain] Starting ProtocolHandler ["http-nio-8080"]
2020-07-15 02:19:18,592 INFO org.springframework.boot.web.embedded.tomcat.TomcatWebServer [restartedMain] Tomcat started on port(s): 8080 (http) with context path ''
2020-07-15 02:19:18,596 INFO org.springframework.boot.StartupInfoLogger [restartedMain] Started CodingChallengeApplication in 0.237 seconds (JVM running for 3188.914)
2020-07-15 02:19:18,598 INFO org.springframework.boot.devtools.autoconfigure.ConditionEvaluationDeltaLoggingListener [restartedMain] Condition evaluation unchanged
2020-07-15 02:19:28,115 INFO org.springframework.scheduling.concurrent.ExecutorConfigurationSupport [Thread-483] Shutting down ExecutorService 'applicationTaskExecutor'
2020-07-15 02:19:28,177 INFO org.springframework.boot.StartupInfoLogger [restartedMain] Starting CodingChallengeApplication on A05041382 with PID 45404 (/Users/a144483/Documents/workspace-spring-tool-suite-4-4.7.0.RELEASE/CodingChallenge/target/classes started by a144483 in /Users/a144483/Documents/workspace-spring-tool-suite-4-4.7.0.RELEASE/CodingChallenge)
2020-07-15 02:19:28,177 DEBUG org.springframework.boot.StartupInfoLogger [restartedMain] Running with Spring Boot v2.3.1.RELEASE, Spring v5.2.7.RELEASE
2020-07-15 02:19:28,178 INFO org.springframework.boot.SpringApplication [restartedMain] No active profile set, falling back to default profiles: default
2020-07-15 02:19:28,297 INFO org.springframework.boot.web.embedded.tomcat.TomcatWebServer [restartedMain] Tomcat initialized with port(s): 8080 (http)
2020-07-15 02:19:28,298 INFO org.apache.juli.logging.DirectJDKLog [restartedMain] Initializing ProtocolHandler ["http-nio-8080"]
2020-07-15 02:19:28,298 INFO org.apache.juli.logging.DirectJDKLog [restartedMain] Starting service [Tomcat]
2020-07-15 02:19:28,298 INFO org.apache.juli.logging.DirectJDKLog [restartedMain] Starting Servlet engine: [Apache Tomcat/9.0.36]
2020-07-15 02:19:28,308 INFO org.apache.juli.logging.DirectJDKLog [restartedMain] Initializing Spring embedded WebApplicationContext
2020-07-15 02:19:28,308 INFO org.springframework.boot.web.servlet.context.ServletWebServerApplicationContext [restartedMain] Root WebApplicationContext: initialization completed in 129 ms
2020-07-15 02:19:28,333 INFO org.springframework.scheduling.concurrent.ExecutorConfigurationSupport [restartedMain] Initializing ExecutorService 'applicationTaskExecutor'
2020-07-15 02:19:28,357 INFO org.springframework.boot.devtools.autoconfigure.OptionalLiveReloadServer [restartedMain] LiveReload server is running on port 35729
2020-07-15 02:19:28,361 INFO org.apache.juli.logging.DirectJDKLog [restartedMain] Starting ProtocolHandler ["http-nio-8080"]
2020-07-15 02:19:28,363 INFO org.springframework.boot.web.embedded.tomcat.TomcatWebServer [restartedMain] Tomcat started on port(s): 8080 (http) with context path ''
2020-07-15 02:19:28,366 INFO org.springframework.boot.StartupInfoLogger [restartedMain] Started CodingChallengeApplication in 0.207 seconds (JVM running for 3198.684)
2020-07-15 02:19:28,368 INFO org.springframework.boot.devtools.autoconfigure.ConditionEvaluationDeltaLoggingListener [restartedMain] Condition evaluation unchanged
2020-07-15 02:21:17,934 INFO org.springframework.scheduling.concurrent.ExecutorConfigurationSupport [Thread-602] Shutting down ExecutorService 'applicationTaskExecutor'
2020-07-15 02:21:18,024 INFO org.springframework.boot.StartupInfoLogger [restartedMain] Starting CodingChallengeApplication on A05041382 with PID 45404 (/Users/a144483/Documents/workspace-spring-tool-suite-4-4.7.0.RELEASE/CodingChallenge/target/classes started by a144483 in /Users/a144483/Documents/workspace-spring-tool-suite-4-4.7.0.RELEASE/CodingChallenge)
2020-07-15 02:21:18,024 DEBUG org.springframework.boot.StartupInfoLogger [restartedMain] Running with Spring Boot v2.3.1.RELEASE, Spring v5.2.7.RELEASE
2020-07-15 02:21:18,024 INFO org.springframework.boot.SpringApplication [restartedMain] No active profile set, falling back to default profiles: default
2020-07-15 02:21:18,137 INFO org.springframework.boot.web.embedded.tomcat.TomcatWebServer [restartedMain] Tomcat initialized with port(s): 8080 (http)
2020-07-15 02:21:18,138 INFO org.apache.juli.logging.DirectJDKLog [restartedMain] Initializing ProtocolHandler ["http-nio-8080"]
2020-07-15 02:21:18,138 INFO org.apache.juli.logging.DirectJDKLog [restartedMain] Starting service [Tomcat]
2020-07-15 02:21:18,138 INFO org.apache.juli.logging.DirectJDKLog [restartedMain] Starting Servlet engine: [Apache Tomcat/9.0.36]
2020-07-15 02:21:18,145 INFO org.apache.juli.logging.DirectJDKLog [restartedMain] Initializing Spring embedded WebApplicationContext
2020-07-15 02:21:18,145 INFO org.springframework.boot.web.servlet.context.ServletWebServerApplicationContext [restartedMain] Root WebApplicationContext: initialization completed in 120 ms
2020-07-15 02:21:18,169 INFO org.springframework.scheduling.concurrent.ExecutorConfigurationSupport [restartedMain] Initializing ExecutorService 'applicationTaskExecutor'
2020-07-15 02:21:18,192 INFO org.springframework.boot.devtools.autoconfigure.OptionalLiveReloadServer [restartedMain] LiveReload server is running on port 35729
2020-07-15 02:21:18,197 INFO org.apache.juli.logging.DirectJDKLog [restartedMain] Starting ProtocolHandler ["http-nio-8080"]
2020-07-15 02:21:18,199 INFO org.springframework.boot.web.embedded.tomcat.TomcatWebServer [restartedMain] Tomcat started on port(s): 8080 (http) with context path ''
2020-07-15 02:21:18,201 INFO org.springframework.boot.StartupInfoLogger [restartedMain] Started CodingChallengeApplication in 0.193 seconds (JVM running for 3308.52)
2020-07-15 02:21:18,203 INFO org.springframework.boot.devtools.autoconfigure.ConditionEvaluationDeltaLoggingListener [restartedMain] Condition evaluation unchanged
2020-07-15 02:26:32,784 INFO org.springframework.scheduling.concurrent.ExecutorConfigurationSupport [Thread-721] Shutting down ExecutorService 'applicationTaskExecutor'
2020-07-15 02:26:32,860 INFO org.springframework.boot.StartupInfoLogger [restartedMain] Starting CodingChallengeApplication on A05041382 with PID 45404 (/Users/a144483/Documents/workspace-spring-tool-suite-4-4.7.0.RELEASE/CodingChallenge/target/classes started by a144483 in /Users/a144483/Documents/workspace-spring-tool-suite-4-4.7.0.RELEASE/CodingChallenge)
2020-07-15 02:26:32,861 DEBUG org.springframework.boot.StartupInfoLogger [restartedMain] Running with Spring Boot v2.3.1.RELEASE, Spring v5.2.7.RELEASE
2020-07-15 02:26:32,861 INFO org.springframework.boot.SpringApplication [restartedMain] No active profile set, falling back to default profiles: default
2020-07-15 02:26:32,961 INFO org.springframework.boot.web.embedded.tomcat.TomcatWebServer [restartedMain] Tomcat initialized with port(s): 8080 (http)
2020-07-15 02:26:32,962 INFO org.apache.juli.logging.DirectJDKLog [restartedMain] Initializing ProtocolHandler ["http-nio-8080"]
2020-07-15 02:26:32,962 INFO org.apache.juli.logging.DirectJDKLog [restartedMain] Starting service [Tomcat]
2020-07-15 02:26:32,962 INFO org.apache.juli.logging.DirectJDKLog [restartedMain] Starting Servlet engine: [Apache Tomcat/9.0.36]
2020-07-15 02:26:32,967 INFO org.apache.juli.logging.DirectJDKLog [restartedMain] Initializing Spring embedded WebApplicationContext
2020-07-15 02:26:32,968 INFO org.springframework.boot.web.servlet.context.ServletWebServerApplicationContext [restartedMain] Root WebApplicationContext: initialization completed in 106 ms
2020-07-15 02:26:32,987 INFO org.springframework.scheduling.concurrent.ExecutorConfigurationSupport [restartedMain] Initializing ExecutorService 'applicationTaskExecutor'
2020-07-15 02:26:33,008 INFO org.springframework.boot.devtools.autoconfigure.OptionalLiveReloadServer [restartedMain] LiveReload server is running on port 35729
2020-07-15 02:26:33,011 INFO org.apache.juli.logging.DirectJDKLog [restartedMain] Starting ProtocolHandler ["http-nio-8080"]
2020-07-15 02:26:33,013 INFO org.springframework.boot.web.embedded.tomcat.TomcatWebServer [restartedMain] Tomcat started on port(s): 8080 (http) with context path ''
2020-07-15 02:26:33,017 INFO org.springframework.boot.StartupInfoLogger [restartedMain] Started CodingChallengeApplication in 0.174 seconds (JVM running for 3623.337)
2020-07-15 02:26:33,018 INFO org.springframework.boot.devtools.autoconfigure.ConditionEvaluationDeltaLoggingListener [restartedMain] Condition evaluation unchanged
2020-07-15 02:36:42,335 INFO org.springframework.boot.admin.SpringApplicationAdminMXBeanRegistrar$SpringApplicationAdmin [RMI TCP Connection(106)-127.0.0.1] Application shutdown requested.
2020-07-15 02:36:42,352 INFO org.springframework.scheduling.concurrent.ExecutorConfigurationSupport [RMI TCP Connection(106)-127.0.0.1] Shutting down ExecutorService 'applicationTaskExecutor'
2020-07-15 02:51:07,610 INFO org.springframework.boot.StartupInfoLogger [restartedMain] Starting CodingChallengeApplication on A05041382 with PID 63132 (/Users/a144483/Documents/workspace-spring-tool-suite-4-4.7.0.RELEASE/CodingChallenge/target/classes started by a144483 in /Users/a144483/Documents/workspace-spring-tool-suite-4-4.7.0.RELEASE/CodingChallenge)
2020-07-15 02:51:07,615 DEBUG org.springframework.boot.StartupInfoLogger [restartedMain] Running with Spring Boot v2.3.1.RELEASE, Spring v5.2.7.RELEASE
2020-07-15 02:51:07,615 INFO org.springframework.boot.SpringApplication [restartedMain] No active profile set, falling back to default profiles: default
2020-07-15 02:51:07,671 INFO org.springframework.boot.logging.DeferredLog [restartedMain] Devtools property defaults active! Set 'spring.devtools.add-properties' to 'false' to disable
2020-07-15 02:51:07,671 INFO org.springframework.boot.logging.DeferredLog [restartedMain] For additional web related logging consider setting the 'logging.level.web' property to 'DEBUG'
2020-07-15 02:51:08,673 INFO org.springframework.boot.web.embedded.tomcat.TomcatWebServer [restartedMain] Tomcat initialized with port(s): 8080 (http)
2020-07-15 02:51:08,679 INFO org.apache.juli.logging.DirectJDKLog [restartedMain] Initializing ProtocolHandler ["http-nio-8080"]
2020-07-15 02:51:08,679 INFO org.apache.juli.logging.DirectJDKLog [restartedMain] Starting service [Tomcat]
2020-07-15 02:51:08,680 INFO org.apache.juli.logging.DirectJDKLog [restartedMain] Starting Servlet engine: [Apache Tomcat/9.0.36]
2020-07-15 02:51:08,725 INFO org.apache.juli.logging.DirectJDKLog [restartedMain] Initializing Spring embedded WebApplicationContext
2020-07-15 02:51:08,726 INFO org.springframework.boot.web.servlet.context.ServletWebServerApplicationContext [restartedMain] Root WebApplicationContext: initialization completed in 1053 ms
2020-07-15 02:51:08,912 INFO org.springframework.scheduling.concurrent.ExecutorConfigurationSupport [restartedMain] Initializing ExecutorService 'applicationTaskExecutor'
2020-07-15 02:51:09,100 INFO org.springframework.boot.devtools.autoconfigure.OptionalLiveReloadServer [restartedMain] LiveReload server is running on port 35729
2020-07-15 02:51:09,103 INFO org.springframework.boot.actuate.endpoint.web.EndpointLinksResolver [restartedMain] Exposing 2 endpoint(s) beneath base path '/actuator'
2020-07-15 02:51:09,119 INFO org.apache.juli.logging.DirectJDKLog [restartedMain] Starting ProtocolHandler ["http-nio-8080"]
2020-07-15 02:51:09,150 INFO org.springframework.boot.web.embedded.tomcat.TomcatWebServer [restartedMain] Tomcat started on port(s): 8080 (http) with context path ''
2020-07-15 02:51:09,160 INFO org.springframework.boot.StartupInfoLogger [restartedMain] Started CodingChallengeApplication in 2.008 seconds (JVM running for 2.788)
2020-07-15 02:51:16,254 INFO org.apache.juli.logging.DirectJDKLog [RMI TCP Connection(1)-127.0.0.1] Initializing Spring DispatcherServlet 'dispatcherServlet'
2020-07-15 02:51:16,254 INFO org.springframework.web.servlet.FrameworkServlet [RMI TCP Connection(1)-127.0.0.1] Initializing Servlet 'dispatcherServlet'
2020-07-15 02:51:16,259 INFO org.springframework.web.servlet.FrameworkServlet [RMI TCP Connection(1)-127.0.0.1] Completed initialization in 4 ms
2020-07-15 02:54:30,186 INFO org.springframework.scheduling.concurrent.ExecutorConfigurationSupport [Thread-251] Shutting down ExecutorService 'applicationTaskExecutor'
2020-07-15 02:54:30,305 INFO org.springframework.boot.StartupInfoLogger [restartedMain] Starting CodingChallengeApplication on A05041382 with PID 63132 (/Users/a144483/Documents/workspace-spring-tool-suite-4-4.7.0.RELEASE/CodingChallenge/target/classes started by a144483 in /Users/a144483/Documents/workspace-spring-tool-suite-4-4.7.0.RELEASE/CodingChallenge)
2020-07-15 02:54:30,305 DEBUG org.springframework.boot.StartupInfoLogger [restartedMain] Running with Spring Boot v2.3.1.RELEASE, Spring v5.2.7.RELEASE
2020-07-15 02:54:30,306 INFO org.springframework.boot.SpringApplication [restartedMain] No active profile set, falling back to default profiles: default
2020-07-15 02:54:30,558 INFO org.springframework.boot.web.embedded.tomcat.TomcatWebServer [restartedMain] Tomcat initialized with port(s): 8080 (http)
2020-07-15 02:54:30,559 INFO org.apache.juli.logging.DirectJDKLog [restartedMain] Initializing ProtocolHandler ["http-nio-8080"]
2020-07-15 02:54:30,560 INFO org.apache.juli.logging.DirectJDKLog [restartedMain] Starting service [Tomcat]
2020-07-15 02:54:30,561 INFO org.apache.juli.logging.DirectJDKLog [restartedMain] Starting Servlet engine: [Apache Tomcat/9.0.36]
2020-07-15 02:54:30,575 INFO org.apache.juli.logging.DirectJDKLog [restartedMain] Initializing Spring embedded WebApplicationContext
2020-07-15 02:54:30,576 INFO org.springframework.boot.web.servlet.context.ServletWebServerApplicationContext [restartedMain] Root WebApplicationContext: initialization completed in 268 ms
2020-07-15 02:54:30,650 INFO org.springframework.scheduling.concurrent.ExecutorConfigurationSupport [restartedMain] Initializing ExecutorService 'applicationTaskExecutor'
2020-07-15 02:54:30,738 INFO org.springframework.boot.devtools.autoconfigure.OptionalLiveReloadServer [restartedMain] LiveReload server is running on port 35729
2020-07-15 02:54:30,741 INFO org.springframework.boot.actuate.endpoint.web.EndpointLinksResolver [restartedMain] Exposing 2 endpoint(s) beneath base path '/actuator'
2020-07-15 02:54:30,757 INFO org.apache.juli.logging.DirectJDKLog [restartedMain] Starting ProtocolHandler ["http-nio-8080"]
2020-07-15 02:54:30,760 INFO org.springframework.boot.web.embedded.tomcat.TomcatWebServer [restartedMain] Tomcat started on port(s): 8080 (http) with context path ''
2020-07-15 02:54:30,768 INFO org.springframework.boot.StartupInfoLogger [restartedMain] Started CodingChallengeApplication in 0.482 seconds (JVM running for 204.396)
2020-07-15 02:54:30,773 INFO org.springframework.boot.devtools.autoconfigure.ConditionEvaluationDeltaLoggingListener [restartedMain] Condition evaluation unchanged
2020-07-15 02:54:35,199 INFO org.springframework.scheduling.concurrent.ExecutorConfigurationSupport [Thread-255] Shutting down ExecutorService 'applicationTaskExecutor'
2020-07-15 02:54:35,333 INFO org.springframework.boot.StartupInfoLogger [restartedMain] Starting CodingChallengeApplication on A05041382 with PID 63132 (/Users/a144483/Documents/workspace-spring-tool-suite-4-4.7.0.RELEASE/CodingChallenge/target/classes started by a144483 in /Users/a144483/Documents/workspace-spring-tool-suite-4-4.7.0.RELEASE/CodingChallenge)
2020-07-15 02:54:35,334 DEBUG org.springframework.boot.StartupInfoLogger [restartedMain] Running with Spring Boot v2.3.1.RELEASE, Spring v5.2.7.RELEASE
2020-07-15 02:54:35,334 INFO org.springframework.boot.SpringApplication [restartedMain] No active profile set, falling back to default profiles: default
2020-07-15 02:54:35,611 INFO org.springframework.boot.web.embedded.tomcat.TomcatWebServer [restartedMain] Tomcat initialized with port(s): 8080 (http)
2020-07-15 02:54:35,612 INFO org.apache.juli.logging.DirectJDKLog [restartedMain] Initializing ProtocolHandler ["http-nio-8080"]
2020-07-15 02:54:35,612 INFO org.apache.juli.logging.DirectJDKLog [restartedMain] Starting service [Tomcat]
2020-07-15 02:54:35,613 INFO org.apache.juli.logging.DirectJDKLog [restartedMain] Starting Servlet engine: [Apache Tomcat/9.0.36]
2020-07-15 02:54:35,622 INFO org.apache.juli.logging.DirectJDKLog [restartedMain] Initializing Spring embedded WebApplicationContext
2020-07-15 02:54:35,622 INFO org.springframework.boot.web.servlet.context.ServletWebServerApplicationContext [restartedMain] Root WebApplicationContext: initialization completed in 285 ms
2020-07-15 02:54:35,683 INFO org.springframework.scheduling.concurrent.ExecutorConfigurationSupport [restartedMain] Initializing ExecutorService 'applicationTaskExecutor'
2020-07-15 02:54:35,802 INFO org.springframework.boot.devtools.autoconfigure.OptionalLiveReloadServer [restartedMain] LiveReload server is running on port 35729
2020-07-15 02:54:35,810 INFO org.springframework.boot.actuate.endpoint.web.EndpointLinksResolver [restartedMain] Exposing 2 endpoint(s) beneath base path '/actuator'
2020-07-15 02:54:35,824 INFO org.apache.juli.logging.DirectJDKLog [restartedMain] Starting ProtocolHandler ["http-nio-8080"]
2020-07-15 02:54:35,828 INFO org.springframework.boot.web.embedded.tomcat.TomcatWebServer [restartedMain] Tomcat started on port(s): 8080 (http) with context path ''
2020-07-15 02:54:35,838 INFO org.springframework.boot.StartupInfoLogger [restartedMain] Started CodingChallengeApplication in 0.534 seconds (JVM running for 209.466)
2020-07-15 02:54:35,841 INFO org.springframework.boot.devtools.autoconfigure.ConditionEvaluationDeltaLoggingListener [restartedMain] Condition evaluation unchanged
2020-07-15 02:54:42,109 INFO org.apache.juli.logging.DirectJDKLog [http-nio-8080-exec-1] Initializing Spring DispatcherServlet 'dispatcherServlet'
2020-07-15 02:54:42,110 INFO org.springframework.web.servlet.FrameworkServlet [http-nio-8080-exec-1] Initializing Servlet 'dispatcherServlet'
2020-07-15 02:54:42,117 INFO org.springframework.web.servlet.FrameworkServlet [http-nio-8080-exec-1] Completed initialization in 7 ms
2020-07-15 02:55:57,899 INFO org.springframework.scheduling.concurrent.ExecutorConfigurationSupport [Thread-505] Shutting down ExecutorService 'applicationTaskExecutor'
2020-07-15 02:55:57,982 INFO org.springframework.boot.StartupInfoLogger [restartedMain] Starting CodingChallengeApplication on A05041382 with PID 63132 (/Users/a144483/Documents/workspace-spring-tool-suite-4-4.7.0.RELEASE/CodingChallenge/target/classes started by a144483 in /Users/a144483/Documents/workspace-spring-tool-suite-4-4.7.0.RELEASE/CodingChallenge)
2020-07-15 02:55:57,982 DEBUG org.springframework.boot.StartupInfoLogger [restartedMain] Running with Spring Boot v2.3.1.RELEASE, Spring v5.2.7.RELEASE
2020-07-15 02:55:57,982 INFO org.springframework.boot.SpringApplication [restartedMain] No active profile set, falling back to default profiles: default
2020-07-15 02:55:58,188 INFO org.springframework.boot.web.embedded.tomcat.TomcatWebServer [restartedMain] Tomcat initialized with port(s): 8080 (http)
2020-07-15 02:55:58,188 INFO org.apache.juli.logging.DirectJDKLog [restartedMain] Initializing ProtocolHandler ["http-nio-8080"]
2020-07-15 02:55:58,189 INFO org.apache.juli.logging.DirectJDKLog [restartedMain] Starting service [Tomcat]
2020-07-15 02:55:58,189 INFO org.apache.juli.logging.DirectJDKLog [restartedMain] Starting Servlet engine: [Apache Tomcat/9.0.36]
2020-07-15 02:55:58,197 INFO org.apache.juli.logging.DirectJDKLog [restartedMain] Initializing Spring embedded WebApplicationContext
2020-07-15 02:55:58,197 INFO org.springframework.boot.web.servlet.context.ServletWebServerApplicationContext [restartedMain] Root WebApplicationContext: initialization completed in 214 ms
2020-07-15 02:55:58,246 INFO org.springframework.scheduling.concurrent.ExecutorConfigurationSupport [restartedMain] Initializing ExecutorService 'applicationTaskExecutor'
2020-07-15 02:55:58,325 INFO org.springframework.boot.devtools.autoconfigure.OptionalLiveReloadServer [restartedMain] LiveReload server is running on port 35729
2020-07-15 02:55:58,330 INFO org.springframework.boot.actuate.endpoint.web.EndpointLinksResolver [restartedMain] Exposing 2 endpoint(s) beneath base path '/actuator'
2020-07-15 02:55:58,342 INFO org.apache.juli.logging.DirectJDKLog [restartedMain] Starting ProtocolHandler ["http-nio-8080"]
2020-07-15 02:55:58,344 INFO org.springframework.boot.web.embedded.tomcat.TomcatWebServer [restartedMain] Tomcat started on port(s): 8080 (http) with context path ''
2020-07-15 02:55:58,352 INFO org.springframework.boot.StartupInfoLogger [restartedMain] Started CodingChallengeApplication in 0.386 seconds (JVM running for 291.98)
2020-07-15 02:55:58,354 INFO org.springframework.boot.devtools.autoconfigure.ConditionEvaluationDeltaLoggingListener [restartedMain] Condition evaluation unchanged
2020-07-15 02:56:01,223 INFO org.apache.juli.logging.DirectJDKLog [http-nio-8080-exec-1] Initializing Spring DispatcherServlet 'dispatcherServlet'
2020-07-15 02:56:01,224 INFO org.springframework.web.servlet.FrameworkServlet [http-nio-8080-exec-1] Initializing Servlet 'dispatcherServlet'
2020-07-15 02:56:01,228 INFO org.springframework.web.servlet.FrameworkServlet [http-nio-8080-exec-1] Completed initialization in 4 ms
2020-07-15 02:56:29,992 INFO org.springframework.scheduling.concurrent.ExecutorConfigurationSupport [Thread-755] Shutting down ExecutorService 'applicationTaskExecutor'
2020-07-15 02:56:30,086 INFO org.springframework.boot.StartupInfoLogger [restartedMain] Starting CodingChallengeApplication on A05041382 with PID 63132 (/Users/a144483/Documents/workspace-spring-tool-suite-4-4.7.0.RELEASE/CodingChallenge/target/classes started by a144483 in /Users/a144483/Documents/workspace-spring-tool-suite-4-4.7.0.RELEASE/CodingChallenge)
2020-07-15 02:56:30,086 DEBUG org.springframework.boot.StartupInfoLogger [restartedMain] Running with Spring Boot v2.3.1.RELEASE, Spring v5.2.7.RELEASE
2020-07-15 02:56:30,086 INFO org.springframework.boot.SpringApplication [restartedMain] No active profile set, falling back to default profiles: default
2020-07-15 02:56:30,311 INFO org.springframework.boot.web.embedded.tomcat.TomcatWebServer [restartedMain] Tomcat initialized with port(s): 8080 (http)
2020-07-15 02:56:30,311 INFO org.apache.juli.logging.DirectJDKLog [restartedMain] Initializing ProtocolHandler ["http-nio-8080"]
2020-07-15 02:56:30,312 INFO org.apache.juli.logging.DirectJDKLog [restartedMain] Starting service [Tomcat]
2020-07-15 02:56:30,312 INFO org.apache.juli.logging.DirectJDKLog [restartedMain] Starting Servlet engine: [Apache Tomcat/9.0.36]
2020-07-15 02:56:30,322 INFO org.apache.juli.logging.DirectJDKLog [restartedMain] Initializing Spring embedded WebApplicationContext
2020-07-15 02:56:30,322 INFO org.springframework.boot.web.servlet.context.ServletWebServerApplicationContext [restartedMain] Root WebApplicationContext: initialization completed in 235 ms
2020-07-15 02:56:30,369 INFO org.springframework.scheduling.concurrent.ExecutorConfigurationSupport [restartedMain] Initializing ExecutorService 'applicationTaskExecutor'
2020-07-15 02:56:30,438 INFO org.springframework.boot.devtools.autoconfigure.OptionalLiveReloadServer [restartedMain] LiveReload server is running on port 35729
2020-07-15 02:56:30,442 INFO org.springframework.boot.actuate.endpoint.web.EndpointLinksResolver [restartedMain] Exposing 2 endpoint(s) beneath base path '/actuator'
2020-07-15 02:56:30,457 INFO org.apache.juli.logging.DirectJDKLog [restartedMain] Starting ProtocolHandler ["http-nio-8080"]
2020-07-15 02:56:30,459 INFO org.springframework.boot.web.embedded.tomcat.TomcatWebServer [restartedMain] Tomcat started on port(s): 8080 (http) with context path ''
2020-07-15 02:56:30,468 INFO org.springframework.boot.StartupInfoLogger [restartedMain] Started CodingChallengeApplication in 0.4 seconds (JVM running for 324.097)
2020-07-15 02:56:30,470 INFO org.springframework.boot.devtools.autoconfigure.ConditionEvaluationDeltaLoggingListener [restartedMain] Condition evaluation unchanged
2020-07-15 02:56:34,909 INFO org.apache.juli.logging.DirectJDKLog [http-nio-8080-exec-1] Initializing Spring DispatcherServlet 'dispatcherServlet'
2020-07-15 02:56:34,910 INFO org.springframework.web.servlet.FrameworkServlet [http-nio-8080-exec-1] Initializing Servlet 'dispatcherServlet'
2020-07-15 02:56:34,912 INFO org.springframework.web.servlet.FrameworkServlet [http-nio-8080-exec-1] Completed initialization in 2 ms
2020-07-15 02:59:21,649 DEBUG com.thinkhr.challenge.reader.impl.FileReader [http-nio-8080-exec-6] fileName = src/main/resources/words_alpha.txt
2020-07-15 02:59:21,684 DEBUG com.thinkhr.challenge.service.impl.RandomWordServiceImpl [http-nio-8080-exec-6] total number of lines in the files 370103
2020-07-15 02:59:21,685 DEBUG com.thinkhr.challenge.service.impl.RandomWordServiceImpl [http-nio-8080-exec-6] Random number selected  44281
2020-07-15 02:59:21,694 DEBUG com.thinkhr.challenge.service.impl.RandomWordServiceImpl [http-nio-8080-exec-6] random word from the file iscadded
2020-07-15 03:09:53,553 INFO org.springframework.scheduling.concurrent.ExecutorConfigurationSupport [Thread-1005] Shutting down ExecutorService 'applicationTaskExecutor'
